{"C:\\work\\WindSurf\\ExtBridge\\src\\config.js": {"path":"C:\\work\\WindSurf\\ExtBridge\\src\\config.js","statementMap":{"0":{"start":{"line":8,"column":0},"end":{"line":8,"column":27}},"1":{"start":{"line":10,"column":15},"end":{"line":74,"column":1}},"2":{"start":{"line":76,"column":0},"end":{"line":76,"column":24}}},"fnMap":{},"branchMap":{"0":{"loc":{"start":{"line":13,"column":10},"end":{"line":13,"column":34}},"type":"binary-expr","locations":[{"start":{"line":13,"column":10},"end":{"line":13,"column":26}},{"start":{"line":13,"column":30},"end":{"line":13,"column":34}}],"line":13},"1":{"loc":{"start":{"line":14,"column":9},"end":{"line":14,"column":46}},"type":"binary-expr","locations":[{"start":{"line":14,"column":9},"end":{"line":14,"column":29}},{"start":{"line":14,"column":33},"end":{"line":14,"column":46}}],"line":14},"2":{"loc":{"start":{"line":20,"column":9},"end":{"line":20,"column":73}},"type":"binary-expr","locations":[{"start":{"line":20,"column":9},"end":{"line":20,"column":32}},{"start":{"line":20,"column":36},"end":{"line":20,"column":73}}],"line":20},"3":{"loc":{"start":{"line":30,"column":14},"end":{"line":30,"column":57}},"type":"binary-expr","locations":[{"start":{"line":30,"column":14},"end":{"line":30,"column":36}},{"start":{"line":30,"column":40},"end":{"line":30,"column":57}}],"line":30},"4":{"loc":{"start":{"line":31,"column":17},"end":{"line":31,"column":52}},"type":"binary-expr","locations":[{"start":{"line":31,"column":17},"end":{"line":31,"column":43}},{"start":{"line":31,"column":47},"end":{"line":31,"column":52}}],"line":31},"5":{"loc":{"start":{"line":34,"column":18},"end":{"line":34,"column":102}},"type":"binary-expr","locations":[{"start":{"line":34,"column":18},"end":{"line":34,"column":46}},{"start":{"line":34,"column":50},"end":{"line":34,"column":102}}],"line":34},"6":{"loc":{"start":{"line":35,"column":14},"end":{"line":35,"column":53}},"type":"binary-expr","locations":[{"start":{"line":35,"column":14},"end":{"line":35,"column":37}},{"start":{"line":35,"column":41},"end":{"line":35,"column":53}}],"line":35},"7":{"loc":{"start":{"line":36,"column":19},"end":{"line":36,"column":102}},"type":"binary-expr","locations":[{"start":{"line":36,"column":19},"end":{"line":36,"column":48}},{"start":{"line":36,"column":52},"end":{"line":36,"column":102}}],"line":36},"8":{"loc":{"start":{"line":37,"column":12},"end":{"line":37,"column":41}},"type":"binary-expr","locations":[{"start":{"line":37,"column":12},"end":{"line":37,"column":33}},{"start":{"line":37,"column":37},"end":{"line":37,"column":41}}],"line":37},"9":{"loc":{"start":{"line":43,"column":13},"end":{"line":43,"column":77}},"type":"binary-expr","locations":[{"start":{"line":43,"column":13},"end":{"line":43,"column":39}},{"start":{"line":43,"column":43},"end":{"line":43,"column":77}}],"line":43},"10":{"loc":{"start":{"line":52,"column":19},"end":{"line":52,"column":114}},"type":"binary-expr","locations":[{"start":{"line":52,"column":19},"end":{"line":52,"column":50}},{"start":{"line":52,"column":54},"end":{"line":52,"column":114}}],"line":52},"11":{"loc":{"start":{"line":58,"column":19},"end":{"line":58,"column":112}},"type":"binary-expr","locations":[{"start":{"line":58,"column":19},"end":{"line":58,"column":49}},{"start":{"line":58,"column":53},"end":{"line":58,"column":112}}],"line":58},"12":{"loc":{"start":{"line":64,"column":19},"end":{"line":64,"column":112}},"type":"binary-expr","locations":[{"start":{"line":64,"column":19},"end":{"line":64,"column":49}},{"start":{"line":64,"column":53},"end":{"line":64,"column":112}}],"line":64},"13":{"loc":{"start":{"line":71,"column":11},"end":{"line":71,"column":42}},"type":"binary-expr","locations":[{"start":{"line":71,"column":11},"end":{"line":71,"column":32}},{"start":{"line":71,"column":36},"end":{"line":71,"column":42}}],"line":71},"14":{"loc":{"start":{"line":72,"column":13},"end":{"line":72,"column":52}},"type":"binary-expr","locations":[{"start":{"line":72,"column":13},"end":{"line":72,"column":37}},{"start":{"line":72,"column":41},"end":{"line":72,"column":52}}],"line":72}},"s":{"0":0,"1":0,"2":0},"f":{},"b":{"0":[0,0],"1":[0,0],"2":[0,0],"3":[0,0],"4":[0,0],"5":[0,0],"6":[0,0],"7":[0,0],"8":[0,0],"9":[0,0],"10":[0,0],"11":[0,0],"12":[0,0],"13":[0,0],"14":[0,0]}}
,"C:\\work\\WindSurf\\ExtBridge\\src\\index.js": {"path":"C:\\work\\WindSurf\\ExtBridge\\src\\index.js","statementMap":{"0":{"start":{"line":6,"column":16},"end":{"line":6,"column":34}},"1":{"start":{"line":7,"column":17},"end":{"line":7,"column":36}},"2":{"start":{"line":8,"column":15},"end":{"line":8,"column":43}},"3":{"start":{"line":9,"column":13},"end":{"line":9,"column":28}},"4":{"start":{"line":10,"column":13},"end":{"line":10,"column":28}},"5":{"start":{"line":11,"column":15},"end":{"line":11,"column":32}},"6":{"start":{"line":12,"column":15},"end":{"line":12,"column":32}},"7":{"start":{"line":13,"column":15},"end":{"line":13,"column":32}},"8":{"start":{"line":14,"column":15},"end":{"line":14,"column":40}},"9":{"start":{"line":17,"column":46},"end":{"line":17,"column":85}},"10":{"start":{"line":20,"column":19},"end":{"line":20,"column":43}},"11":{"start":{"line":21,"column":22},"end":{"line":21,"column":50}},"12":{"start":{"line":24,"column":0},"end":{"line":24,"column":16}},"13":{"start":{"line":27,"column":12},"end":{"line":27,"column":21}},"14":{"start":{"line":30,"column":0},"end":{"line":30,"column":24}},"15":{"start":{"line":31,"column":0},"end":{"line":31,"column":48}},"16":{"start":{"line":32,"column":0},"end":{"line":32,"column":16}},"17":{"start":{"line":33,"column":0},"end":{"line":33,"column":18}},"18":{"start":{"line":34,"column":0},"end":{"line":34,"column":28}},"19":{"start":{"line":37,"column":0},"end":{"line":37,"column":59}},"20":{"start":{"line":40,"column":0},"end":{"line":40,"column":40}},"21":{"start":{"line":43,"column":0},"end":{"line":43,"column":29}},"22":{"start":{"line":46,"column":0},"end":{"line":48,"column":3}},"23":{"start":{"line":47,"column":2},"end":{"line":47,"column":61}},"24":{"start":{"line":51,"column":0},"end":{"line":58,"column":3}},"25":{"start":{"line":52,"column":2},"end":{"line":52,"column":21}},"26":{"start":{"line":53,"column":2},"end":{"line":57,"column":5}},"27":{"start":{"line":61,"column":0},"end":{"line":80,"column":5}},"28":{"start":{"line":63,"column":4},"end":{"line":63,"column":35}},"29":{"start":{"line":66,"column":4},"end":{"line":66,"column":30}},"30":{"start":{"line":67,"column":4},"end":{"line":67,"column":31}},"31":{"start":{"line":70,"column":17},"end":{"line":70,"column":55}},"32":{"start":{"line":71,"column":4},"end":{"line":74,"column":7}},"33":{"start":{"line":72,"column":6},"end":{"line":72,"column":46}},"34":{"start":{"line":73,"column":6},"end":{"line":73,"column":42}},"35":{"start":{"line":77,"column":4},"end":{"line":77,"column":41}},"36":{"start":{"line":78,"column":4},"end":{"line":78,"column":18}},"37":{"start":{"line":79,"column":4},"end":{"line":79,"column":20}},"38":{"start":{"line":82,"column":13},"end":{"line":82,"column":31}},"39":{"start":{"line":83,"column":0},"end":{"line":85,"column":3}},"40":{"start":{"line":84,"column":2},"end":{"line":84,"column":87}},"41":{"start":{"line":87,"column":0},"end":{"line":87,"column":21}}},"fnMap":{"0":{"name":"(anonymous_0)","decl":{"start":{"line":46,"column":13},"end":{"line":46,"column":14}},"loc":{"start":{"line":46,"column":27},"end":{"line":48,"column":1}},"line":46},"1":{"name":"(anonymous_1)","decl":{"start":{"line":51,"column":8},"end":{"line":51,"column":9}},"loc":{"start":{"line":51,"column":33},"end":{"line":58,"column":1}},"line":51},"2":{"name":"(anonymous_2)","decl":{"start":{"line":62,"column":8},"end":{"line":62,"column":9}},"loc":{"start":{"line":62,"column":20},"end":{"line":75,"column":3}},"line":62},"3":{"name":"(anonymous_3)","decl":{"start":{"line":71,"column":21},"end":{"line":71,"column":22}},"loc":{"start":{"line":71,"column":27},"end":{"line":74,"column":5}},"line":71},"4":{"name":"(anonymous_4)","decl":{"start":{"line":76,"column":9},"end":{"line":76,"column":10}},"loc":{"start":{"line":76,"column":16},"end":{"line":80,"column":3}},"line":76},"5":{"name":"(anonymous_5)","decl":{"start":{"line":83,"column":17},"end":{"line":83,"column":18}},"loc":{"start":{"line":83,"column":23},"end":{"line":85,"column":1}},"line":83}},"branchMap":{"0":{"loc":{"start":{"line":53,"column":13},"end":{"line":53,"column":30}},"type":"binary-expr","locations":[{"start":{"line":53,"column":13},"end":{"line":53,"column":23}},{"start":{"line":53,"column":27},"end":{"line":53,"column":30}}],"line":53},"1":{"loc":{"start":{"line":55,"column":15},"end":{"line":55,"column":92}},"type":"cond-expr","locations":[{"start":{"line":55,"column":55},"end":{"line":55,"column":78}},{"start":{"line":55,"column":81},"end":{"line":55,"column":92}}],"line":55},"2":{"loc":{"start":{"line":70,"column":17},"end":{"line":70,"column":55}},"type":"binary-expr","locations":[{"start":{"line":70,"column":17},"end":{"line":70,"column":33}},{"start":{"line":70,"column":37},"end":{"line":70,"column":55}}],"line":70}},"s":{"0":0,"1":0,"2":0,"3":0,"4":0,"5":0,"6":0,"7":0,"8":0,"9":0,"10":0,"11":0,"12":0,"13":0,"14":0,"15":0,"16":0,"17":0,"18":0,"19":0,"20":0,"21":0,"22":0,"23":0,"24":0,"25":0,"26":0,"27":0,"28":0,"29":0,"30":0,"31":0,"32":0,"33":0,"34":0,"35":0,"36":0,"37":0,"38":0,"39":0,"40":0,"41":0},"f":{"0":0,"1":0,"2":0,"3":0,"4":0,"5":0},"b":{"0":[0,0],"1":[0,0],"2":[0,0]}}
,"C:\\work\\WindSurf\\ExtBridge\\src\\auth\\controllers\\exticSamlController.js": {"path":"C:\\work\\WindSurf\\ExtBridge\\src\\auth\\controllers\\exticSamlController.js","statementMap":{"0":{"start":{"line":7,"column":17},"end":{"line":7,"column":36}},"1":{"start":{"line":8,"column":21},"end":{"line":8,"column":45}},"2":{"start":{"line":9,"column":12},"end":{"line":9,"column":35}},"3":{"start":{"line":10,"column":13},"end":{"line":10,"column":38}},"4":{"start":{"line":11,"column":15},"end":{"line":11,"column":38}},"5":{"start":{"line":12,"column":15},"end":{"line":12,"column":64}},"6":{"start":{"line":15,"column":21},"end":{"line":34,"column":2}},"7":{"start":{"line":22,"column":2},"end":{"line":33,"column":3}},"8":{"start":{"line":23,"column":4},"end":{"line":26,"column":5}},"9":{"start":{"line":24,"column":6},"end":{"line":24,"column":45}},"10":{"start":{"line":25,"column":6},"end":{"line":25,"column":31}},"11":{"start":{"line":28,"column":4},"end":{"line":28,"column":59}},"12":{"start":{"line":29,"column":4},"end":{"line":29,"column":31}},"13":{"start":{"line":31,"column":4},"end":{"line":31,"column":59}},"14":{"start":{"line":32,"column":4},"end":{"line":32,"column":23}},"15":{"start":{"line":36,"column":0},"end":{"line":36,"column":35}},"16":{"start":{"line":39,"column":31},"end":{"line":45,"column":1}},"17":{"start":{"line":40,"column":2},"end":{"line":40,"column":36}},"18":{"start":{"line":41,"column":2},"end":{"line":44,"column":21}},"19":{"start":{"line":48,"column":32},"end":{"line":102,"column":1}},"20":{"start":{"line":49,"column":2},"end":{"line":101,"column":3}},"21":{"start":{"line":51,"column":4},"end":{"line":57,"column":5}},"22":{"start":{"line":52,"column":6},"end":{"line":52,"column":40}},"23":{"start":{"line":53,"column":6},"end":{"line":56,"column":9}},"24":{"start":{"line":60,"column":4},"end":{"line":66,"column":5}},"25":{"start":{"line":61,"column":6},"end":{"line":61,"column":43}},"26":{"start":{"line":62,"column":6},"end":{"line":65,"column":9}},"27":{"start":{"line":69,"column":18},"end":{"line":69,"column":51}},"28":{"start":{"line":70,"column":22},"end":{"line":70,"column":46}},"29":{"start":{"line":71,"column":21},"end":{"line":71,"column":44}},"30":{"start":{"line":74,"column":17},"end":{"line":85,"column":5}},"31":{"start":{"line":88,"column":18},"end":{"line":92,"column":5}},"32":{"start":{"line":94,"column":4},"end":{"line":94,"column":42}},"33":{"start":{"line":97,"column":4},"end":{"line":97,"column":53}},"34":{"start":{"line":99,"column":4},"end":{"line":99,"column":65}},"35":{"start":{"line":100,"column":4},"end":{"line":100,"column":23}},"36":{"start":{"line":105,"column":33},"end":{"line":130,"column":1}},"37":{"start":{"line":106,"column":2},"end":{"line":129,"column":3}},"38":{"start":{"line":109,"column":25},"end":{"line":109,"column":46}},"39":{"start":{"line":111,"column":4},"end":{"line":114,"column":5}},"40":{"start":{"line":112,"column":6},"end":{"line":112,"column":43}},"41":{"start":{"line":113,"column":6},"end":{"line":113,"column":19}},"42":{"start":{"line":117,"column":20},"end":{"line":117,"column":73}},"43":{"start":{"line":120,"column":4},"end":{"line":122,"column":5}},"44":{"start":{"line":121,"column":6},"end":{"line":121,"column":18}},"45":{"start":{"line":124,"column":4},"end":{"line":124,"column":40}},"46":{"start":{"line":125,"column":4},"end":{"line":125,"column":17}},"47":{"start":{"line":127,"column":4},"end":{"line":127,"column":69}},"48":{"start":{"line":128,"column":4},"end":{"line":128,"column":17}},"49":{"start":{"line":132,"column":0},"end":{"line":136,"column":2}}},"fnMap":{"0":{"name":"(anonymous_0)","decl":{"start":{"line":21,"column":3},"end":{"line":21,"column":4}},"loc":{"start":{"line":21,"column":28},"end":{"line":34,"column":1}},"line":21},"1":{"name":"(anonymous_1)","decl":{"start":{"line":39,"column":31},"end":{"line":39,"column":32}},"loc":{"start":{"line":39,"column":51},"end":{"line":45,"column":1}},"line":39},"2":{"name":"(anonymous_2)","decl":{"start":{"line":48,"column":32},"end":{"line":48,"column":33}},"loc":{"start":{"line":48,"column":58},"end":{"line":102,"column":1}},"line":48},"3":{"name":"(anonymous_3)","decl":{"start":{"line":105,"column":33},"end":{"line":105,"column":34}},"loc":{"start":{"line":105,"column":42},"end":{"line":130,"column":1}},"line":105}},"branchMap":{"0":{"loc":{"start":{"line":23,"column":4},"end":{"line":26,"column":5}},"type":"if","locations":[{"start":{"line":23,"column":4},"end":{"line":26,"column":5}},{"start":{},"end":{}}],"line":23},"1":{"loc":{"start":{"line":23,"column":8},"end":{"line":23,"column":35}},"type":"binary-expr","locations":[{"start":{"line":23,"column":8},"end":{"line":23,"column":16}},{"start":{"line":23,"column":20},"end":{"line":23,"column":35}}],"line":23},"2":{"loc":{"start":{"line":51,"column":4},"end":{"line":57,"column":5}},"type":"if","locations":[{"start":{"line":51,"column":4},"end":{"line":57,"column":5}},{"start":{},"end":{}}],"line":51},"3":{"loc":{"start":{"line":60,"column":4},"end":{"line":66,"column":5}},"type":"if","locations":[{"start":{"line":60,"column":4},"end":{"line":66,"column":5}},{"start":{},"end":{}}],"line":60},"4":{"loc":{"start":{"line":69,"column":18},"end":{"line":69,"column":51}},"type":"binary-expr","locations":[{"start":{"line":69,"column":18},"end":{"line":69,"column":33}},{"start":{"line":69,"column":37},"end":{"line":69,"column":51}}],"line":69},"5":{"loc":{"start":{"line":70,"column":22},"end":{"line":70,"column":46}},"type":"binary-expr","locations":[{"start":{"line":70,"column":22},"end":{"line":70,"column":40}},{"start":{"line":70,"column":44},"end":{"line":70,"column":46}}],"line":70},"6":{"loc":{"start":{"line":71,"column":21},"end":{"line":71,"column":44}},"type":"binary-expr","locations":[{"start":{"line":71,"column":21},"end":{"line":71,"column":38}},{"start":{"line":71,"column":42},"end":{"line":71,"column":44}}],"line":71},"7":{"loc":{"start":{"line":91,"column":19},"end":{"line":91,"column":53}},"type":"binary-expr","locations":[{"start":{"line":91,"column":19},"end":{"line":91,"column":44}},{"start":{"line":91,"column":48},"end":{"line":91,"column":53}}],"line":91},"8":{"loc":{"start":{"line":111,"column":4},"end":{"line":114,"column":5}},"type":"if","locations":[{"start":{"line":111,"column":4},"end":{"line":114,"column":5}},{"start":{},"end":{}}],"line":111},"9":{"loc":{"start":{"line":120,"column":4},"end":{"line":122,"column":5}},"type":"if","locations":[{"start":{"line":120,"column":4},"end":{"line":122,"column":5}},{"start":{},"end":{}}],"line":120},"10":{"loc":{"start":{"line":120,"column":8},"end":{"line":120,"column":80}},"type":"binary-expr","locations":[{"start":{"line":120,"column":8},"end":{"line":120,"column":43}},{"start":{"line":120,"column":47},"end":{"line":120,"column":80}}],"line":120}},"s":{"0":0,"1":0,"2":0,"3":0,"4":0,"5":0,"6":0,"7":0,"8":0,"9":0,"10":0,"11":0,"12":0,"13":0,"14":0,"15":0,"16":0,"17":0,"18":0,"19":0,"20":0,"21":0,"22":0,"23":0,"24":0,"25":0,"26":0,"27":0,"28":0,"29":0,"30":0,"31":0,"32":0,"33":0,"34":0,"35":0,"36":0,"37":0,"38":0,"39":0,"40":0,"41":0,"42":0,"43":0,"44":0,"45":0,"46":0,"47":0,"48":0,"49":0},"f":{"0":0,"1":0,"2":0,"3":0},"b":{"0":[0,0],"1":[0,0],"2":[0,0],"3":[0,0],"4":[0,0],"5":[0,0],"6":[0,0],"7":[0,0],"8":[0,0],"9":[0,0],"10":[0,0]}}
,"C:\\work\\WindSurf\\ExtBridge\\src\\auth\\controllers\\samlController.js": {"path":"C:\\work\\WindSurf\\ExtBridge\\src\\auth\\controllers\\samlController.js","statementMap":{"0":{"start":{"line":6,"column":17},"end":{"line":6,"column":36}},"1":{"start":{"line":7,"column":21},"end":{"line":7,"column":45}},"2":{"start":{"line":8,"column":12},"end":{"line":8,"column":35}},"3":{"start":{"line":9,"column":13},"end":{"line":9,"column":38}},"4":{"start":{"line":10,"column":15},"end":{"line":10,"column":49}},"5":{"start":{"line":11,"column":15},"end":{"line":11,"column":44}},"6":{"start":{"line":14,"column":21},"end":{"line":52,"column":2}},"7":{"start":{"line":22,"column":2},"end":{"line":51,"column":3}},"8":{"start":{"line":23,"column":4},"end":{"line":23,"column":64}},"9":{"start":{"line":26,"column":15},"end":{"line":26,"column":59}},"10":{"start":{"line":28,"column":4},"end":{"line":45,"column":5}},"11":{"start":{"line":30,"column":6},"end":{"line":36,"column":9}},"12":{"start":{"line":37,"column":6},"end":{"line":37,"column":24}},"13":{"start":{"line":38,"column":6},"end":{"line":38,"column":45}},"14":{"start":{"line":41,"column":6},"end":{"line":41,"column":35}},"15":{"start":{"line":42,"column":6},"end":{"line":42,"column":34}},"16":{"start":{"line":43,"column":6},"end":{"line":43,"column":24}},"17":{"start":{"line":44,"column":6},"end":{"line":44,"column":47}},"18":{"start":{"line":47,"column":4},"end":{"line":47,"column":28}},"19":{"start":{"line":49,"column":4},"end":{"line":49,"column":48}},"20":{"start":{"line":50,"column":4},"end":{"line":50,"column":23}},"21":{"start":{"line":55,"column":0},"end":{"line":55,"column":27}},"22":{"start":{"line":58,"column":0},"end":{"line":60,"column":3}},"23":{"start":{"line":59,"column":2},"end":{"line":59,"column":22}},"24":{"start":{"line":62,"column":0},"end":{"line":69,"column":3}},"25":{"start":{"line":63,"column":2},"end":{"line":68,"column":3}},"26":{"start":{"line":64,"column":17},"end":{"line":64,"column":40}},"27":{"start":{"line":65,"column":4},"end":{"line":65,"column":21}},"28":{"start":{"line":67,"column":4},"end":{"line":67,"column":16}},"29":{"start":{"line":72,"column":22},"end":{"line":82,"column":1}},"30":{"start":{"line":73,"column":18},"end":{"line":77,"column":3}},"31":{"start":{"line":79,"column":2},"end":{"line":81,"column":5}},"32":{"start":{"line":85,"column":0},"end":{"line":184,"column":2}},"33":{"start":{"line":88,"column":4},"end":{"line":91,"column":23}},"34":{"start":{"line":96,"column":4},"end":{"line":112,"column":23}},"35":{"start":{"line":97,"column":6},"end":{"line":100,"column":7}},"36":{"start":{"line":98,"column":8},"end":{"line":98,"column":56}},"37":{"start":{"line":99,"column":8},"end":{"line":99,"column":61}},"38":{"start":{"line":102,"column":6},"end":{"line":105,"column":7}},"39":{"start":{"line":103,"column":8},"end":{"line":103,"column":40}},"40":{"start":{"line":104,"column":8},"end":{"line":104,"column":57}},"41":{"start":{"line":108,"column":20},"end":{"line":108,"column":39}},"42":{"start":{"line":111,"column":6},"end":{"line":111,"column":51}},"43":{"start":{"line":119,"column":4},"end":{"line":137,"column":7}},"44":{"start":{"line":142,"column":4},"end":{"line":161,"column":7}},"45":{"start":{"line":166,"column":4},"end":{"line":182,"column":5}},"46":{"start":{"line":170,"column":6},"end":{"line":174,"column":9}},"47":{"start":{"line":176,"column":6},"end":{"line":176,"column":53}},"48":{"start":{"line":177,"column":6},"end":{"line":181,"column":9}}},"fnMap":{"0":{"name":"(anonymous_0)","decl":{"start":{"line":21,"column":3},"end":{"line":21,"column":4}},"loc":{"start":{"line":21,"column":28},"end":{"line":52,"column":1}},"line":21},"1":{"name":"(anonymous_1)","decl":{"start":{"line":58,"column":23},"end":{"line":58,"column":24}},"loc":{"start":{"line":58,"column":39},"end":{"line":60,"column":1}},"line":58},"2":{"name":"(anonymous_2)","decl":{"start":{"line":62,"column":25},"end":{"line":62,"column":26}},"loc":{"start":{"line":62,"column":45},"end":{"line":69,"column":1}},"line":62},"3":{"name":"(anonymous_3)","decl":{"start":{"line":72,"column":22},"end":{"line":72,"column":23}},"loc":{"start":{"line":72,"column":32},"end":{"line":82,"column":1}},"line":72},"4":{"name":"(anonymous_4)","decl":{"start":{"line":87,"column":16},"end":{"line":87,"column":17}},"loc":{"start":{"line":87,"column":36},"end":{"line":92,"column":3}},"line":87},"5":{"name":"(anonymous_5)","decl":{"start":{"line":95,"column":18},"end":{"line":95,"column":19}},"loc":{"start":{"line":95,"column":38},"end":{"line":113,"column":3}},"line":95},"6":{"name":"(anonymous_6)","decl":{"start":{"line":96,"column":54},"end":{"line":96,"column":55}},"loc":{"start":{"line":96,"column":69},"end":{"line":112,"column":5}},"line":96},"7":{"name":"(anonymous_7)","decl":{"start":{"line":116,"column":15},"end":{"line":116,"column":16}},"loc":{"start":{"line":116,"column":29},"end":{"line":138,"column":3}},"line":116},"8":{"name":"(anonymous_8)","decl":{"start":{"line":141,"column":13},"end":{"line":141,"column":14}},"loc":{"start":{"line":141,"column":27},"end":{"line":162,"column":3}},"line":141},"9":{"name":"(anonymous_9)","decl":{"start":{"line":165,"column":25},"end":{"line":165,"column":26}},"loc":{"start":{"line":165,"column":45},"end":{"line":183,"column":3}},"line":165}},"branchMap":{"0":{"loc":{"start":{"line":28,"column":4},"end":{"line":45,"column":5}},"type":"if","locations":[{"start":{"line":28,"column":4},"end":{"line":45,"column":5}},{"start":{"line":39,"column":11},"end":{"line":45,"column":5}}],"line":28},"1":{"loc":{"start":{"line":32,"column":14},"end":{"line":32,"column":64}},"type":"binary-expr","locations":[{"start":{"line":32,"column":14},"end":{"line":32,"column":33}},{"start":{"line":32,"column":37},"end":{"line":32,"column":64}}],"line":32},"2":{"loc":{"start":{"line":35,"column":20},"end":{"line":35,"column":44}},"type":"binary-expr","locations":[{"start":{"line":35,"column":20},"end":{"line":35,"column":38}},{"start":{"line":35,"column":42},"end":{"line":35,"column":44}}],"line":35},"3":{"loc":{"start":{"line":97,"column":6},"end":{"line":100,"column":7}},"type":"if","locations":[{"start":{"line":97,"column":6},"end":{"line":100,"column":7}},{"start":{},"end":{}}],"line":97},"4":{"loc":{"start":{"line":102,"column":6},"end":{"line":105,"column":7}},"type":"if","locations":[{"start":{"line":102,"column":6},"end":{"line":105,"column":7}},{"start":{},"end":{}}],"line":102}},"s":{"0":0,"1":0,"2":0,"3":0,"4":0,"5":0,"6":0,"7":0,"8":0,"9":0,"10":0,"11":0,"12":0,"13":0,"14":0,"15":0,"16":0,"17":0,"18":0,"19":0,"20":0,"21":0,"22":0,"23":0,"24":0,"25":0,"26":0,"27":0,"28":0,"29":0,"30":0,"31":0,"32":0,"33":0,"34":0,"35":0,"36":0,"37":0,"38":0,"39":0,"40":0,"41":0,"42":0,"43":0,"44":0,"45":0,"46":0,"47":0,"48":0},"f":{"0":0,"1":0,"2":0,"3":0,"4":0,"5":0,"6":0,"7":0,"8":0,"9":0},"b":{"0":[0,0],"1":[0,0],"2":[0,0],"3":[0,0],"4":[0,0]}}
,"C:\\work\\WindSurf\\ExtBridge\\src\\auth\\middleware\\authMiddleware.js": {"path":"C:\\work\\WindSurf\\ExtBridge\\src\\auth\\middleware\\authMiddleware.js","statementMap":{"0":{"start":{"line":6,"column":12},"end":{"line":6,"column":35}},"1":{"start":{"line":7,"column":15},"end":{"line":7,"column":49}},"2":{"start":{"line":8,"column":13},"end":{"line":8,"column":38}},"3":{"start":{"line":9,"column":15},"end":{"line":9,"column":44}},"4":{"start":{"line":12,"column":20},"end":{"line":37,"column":1}},"5":{"start":{"line":14,"column":21},"end":{"line":14,"column":46}},"6":{"start":{"line":15,"column":16},"end":{"line":15,"column":54}},"7":{"start":{"line":17,"column":2},"end":{"line":23,"column":3}},"8":{"start":{"line":18,"column":4},"end":{"line":18,"column":36}},"9":{"start":{"line":19,"column":4},"end":{"line":22,"column":7}},"10":{"start":{"line":25,"column":2},"end":{"line":36,"column":3}},"11":{"start":{"line":27,"column":20},"end":{"line":27,"column":61}},"12":{"start":{"line":28,"column":4},"end":{"line":28,"column":23}},"13":{"start":{"line":29,"column":4},"end":{"line":29,"column":11}},"14":{"start":{"line":31,"column":4},"end":{"line":31,"column":48}},"15":{"start":{"line":32,"column":4},"end":{"line":35,"column":7}},"16":{"start":{"line":40,"column":18},"end":{"line":59,"column":1}},"17":{"start":{"line":41,"column":2},"end":{"line":58,"column":4}},"18":{"start":{"line":42,"column":4},"end":{"line":47,"column":5}},"19":{"start":{"line":43,"column":6},"end":{"line":46,"column":9}},"20":{"start":{"line":49,"column":4},"end":{"line":57,"column":5}},"21":{"start":{"line":50,"column":6},"end":{"line":50,"column":13}},"22":{"start":{"line":52,"column":6},"end":{"line":52,"column":86}},"23":{"start":{"line":53,"column":6},"end":{"line":56,"column":9}},"24":{"start":{"line":62,"column":17},"end":{"line":77,"column":1}},"25":{"start":{"line":63,"column":2},"end":{"line":65,"column":3}},"26":{"start":{"line":64,"column":4},"end":{"line":64,"column":18}},"27":{"start":{"line":67,"column":2},"end":{"line":76,"column":3}},"28":{"start":{"line":68,"column":17},"end":{"line":68,"column":49}},"29":{"start":{"line":69,"column":4},"end":{"line":71,"column":5}},"30":{"start":{"line":70,"column":6},"end":{"line":70,"column":26}},"31":{"start":{"line":72,"column":4},"end":{"line":72,"column":11}},"32":{"start":{"line":74,"column":4},"end":{"line":74,"column":51}},"33":{"start":{"line":75,"column":4},"end":{"line":75,"column":11}},"34":{"start":{"line":80,"column":31},"end":{"line":98,"column":1}},"35":{"start":{"line":81,"column":2},"end":{"line":97,"column":4}},"36":{"start":{"line":82,"column":4},"end":{"line":87,"column":5}},"37":{"start":{"line":83,"column":6},"end":{"line":86,"column":9}},"38":{"start":{"line":89,"column":4},"end":{"line":96,"column":5}},"39":{"start":{"line":90,"column":6},"end":{"line":90,"column":13}},"40":{"start":{"line":92,"column":6},"end":{"line":95,"column":9}},"41":{"start":{"line":100,"column":0},"end":{"line":105,"column":2}}},"fnMap":{"0":{"name":"(anonymous_0)","decl":{"start":{"line":12,"column":20},"end":{"line":12,"column":21}},"loc":{"start":{"line":12,"column":40},"end":{"line":37,"column":1}},"line":12},"1":{"name":"(anonymous_1)","decl":{"start":{"line":40,"column":18},"end":{"line":40,"column":19}},"loc":{"start":{"line":40,"column":29},"end":{"line":59,"column":1}},"line":40},"2":{"name":"(anonymous_2)","decl":{"start":{"line":41,"column":9},"end":{"line":41,"column":10}},"loc":{"start":{"line":41,"column":29},"end":{"line":58,"column":3}},"line":41},"3":{"name":"(anonymous_3)","decl":{"start":{"line":62,"column":17},"end":{"line":62,"column":18}},"loc":{"start":{"line":62,"column":43},"end":{"line":77,"column":1}},"line":62},"4":{"name":"(anonymous_4)","decl":{"start":{"line":80,"column":31},"end":{"line":80,"column":32}},"loc":{"start":{"line":80,"column":48},"end":{"line":98,"column":1}},"line":80},"5":{"name":"(anonymous_5)","decl":{"start":{"line":81,"column":9},"end":{"line":81,"column":10}},"loc":{"start":{"line":81,"column":29},"end":{"line":97,"column":3}},"line":81}},"branchMap":{"0":{"loc":{"start":{"line":15,"column":16},"end":{"line":15,"column":54}},"type":"binary-expr","locations":[{"start":{"line":15,"column":16},"end":{"line":15,"column":26}},{"start":{"line":15,"column":30},"end":{"line":15,"column":54}}],"line":15},"1":{"loc":{"start":{"line":17,"column":2},"end":{"line":23,"column":3}},"type":"if","locations":[{"start":{"line":17,"column":2},"end":{"line":23,"column":3}},{"start":{},"end":{}}],"line":17},"2":{"loc":{"start":{"line":42,"column":4},"end":{"line":47,"column":5}},"type":"if","locations":[{"start":{"line":42,"column":4},"end":{"line":47,"column":5}},{"start":{},"end":{}}],"line":42},"3":{"loc":{"start":{"line":49,"column":4},"end":{"line":57,"column":5}},"type":"if","locations":[{"start":{"line":49,"column":4},"end":{"line":57,"column":5}},{"start":{"line":51,"column":11},"end":{"line":57,"column":5}}],"line":49},"4":{"loc":{"start":{"line":63,"column":2},"end":{"line":65,"column":3}},"type":"if","locations":[{"start":{"line":63,"column":2},"end":{"line":65,"column":3}},{"start":{},"end":{}}],"line":63},"5":{"loc":{"start":{"line":63,"column":6},"end":{"line":63,"column":31}},"type":"binary-expr","locations":[{"start":{"line":63,"column":6},"end":{"line":63,"column":15}},{"start":{"line":63,"column":19},"end":{"line":63,"column":31}}],"line":63},"6":{"loc":{"start":{"line":69,"column":4},"end":{"line":71,"column":5}},"type":"if","locations":[{"start":{"line":69,"column":4},"end":{"line":71,"column":5}},{"start":{},"end":{}}],"line":69},"7":{"loc":{"start":{"line":82,"column":4},"end":{"line":87,"column":5}},"type":"if","locations":[{"start":{"line":82,"column":4},"end":{"line":87,"column":5}},{"start":{},"end":{}}],"line":82},"8":{"loc":{"start":{"line":89,"column":4},"end":{"line":96,"column":5}},"type":"if","locations":[{"start":{"line":89,"column":4},"end":{"line":96,"column":5}},{"start":{"line":91,"column":11},"end":{"line":96,"column":5}}],"line":89}},"s":{"0":0,"1":0,"2":0,"3":0,"4":0,"5":0,"6":0,"7":0,"8":0,"9":0,"10":0,"11":0,"12":0,"13":0,"14":0,"15":0,"16":0,"17":0,"18":0,"19":0,"20":0,"21":0,"22":0,"23":0,"24":0,"25":0,"26":0,"27":0,"28":0,"29":0,"30":0,"31":0,"32":0,"33":0,"34":0,"35":0,"36":0,"37":0,"38":0,"39":0,"40":0,"41":0},"f":{"0":0,"1":0,"2":0,"3":0,"4":0,"5":0},"b":{"0":[0,0],"1":[0,0],"2":[0,0],"3":[0,0],"4":[0,0],"5":[0,0],"6":[0,0],"7":[0,0],"8":[0,0]}}
,"C:\\work\\WindSurf\\ExtBridge\\src\\auth\\models\\user.js": {"path":"C:\\work\\WindSurf\\ExtBridge\\src\\auth\\models\\user.js","statementMap":{"0":{"start":{"line":6,"column":17},"end":{"line":6,"column":36}},"1":{"start":{"line":7,"column":15},"end":{"line":7,"column":30}},"2":{"start":{"line":9,"column":19},"end":{"line":91,"column":2}},"3":{"start":{"line":94,"column":0},"end":{"line":97,"column":3}},"4":{"start":{"line":95,"column":2},"end":{"line":95,"column":30}},"5":{"start":{"line":96,"column":2},"end":{"line":96,"column":9}},"6":{"start":{"line":100,"column":0},"end":{"line":102,"column":2}},"7":{"start":{"line":101,"column":2},"end":{"line":101,"column":81}},"8":{"start":{"line":101,"column":48},"end":{"line":101,"column":79}},"9":{"start":{"line":105,"column":0},"end":{"line":107,"column":2}},"10":{"start":{"line":106,"column":2},"end":{"line":106,"column":81}},"11":{"start":{"line":106,"column":48},"end":{"line":106,"column":79}},"12":{"start":{"line":109,"column":0},"end":{"line":109,"column":52}}},"fnMap":{"0":{"name":"(anonymous_0)","decl":{"start":{"line":94,"column":23},"end":{"line":94,"column":24}},"loc":{"start":{"line":94,"column":38},"end":{"line":97,"column":1}},"line":94},"1":{"name":"(anonymous_1)","decl":{"start":{"line":100,"column":35},"end":{"line":100,"column":36}},"loc":{"start":{"line":100,"column":57},"end":{"line":102,"column":1}},"line":100},"2":{"name":"(anonymous_2)","decl":{"start":{"line":101,"column":37},"end":{"line":101,"column":38}},"loc":{"start":{"line":101,"column":48},"end":{"line":101,"column":79}},"line":101},"3":{"name":"(anonymous_3)","decl":{"start":{"line":105,"column":42},"end":{"line":105,"column":43}},"loc":{"start":{"line":105,"column":64},"end":{"line":107,"column":1}},"line":105},"4":{"name":"(anonymous_4)","decl":{"start":{"line":106,"column":37},"end":{"line":106,"column":38}},"loc":{"start":{"line":106,"column":48},"end":{"line":106,"column":79}},"line":106}},"branchMap":{},"s":{"0":0,"1":0,"2":0,"3":0,"4":0,"5":0,"6":0,"7":0,"8":0,"9":0,"10":0,"11":0,"12":0},"f":{"0":0,"1":0,"2":0,"3":0,"4":0},"b":{}}
,"C:\\work\\WindSurf\\ExtBridge\\src\\auth\\routes\\index.js": {"path":"C:\\work\\WindSurf\\ExtBridge\\src\\auth\\routes\\index.js","statementMap":{"0":{"start":{"line":6,"column":16},"end":{"line":6,"column":34}},"1":{"start":{"line":7,"column":15},"end":{"line":7,"column":31}},"2":{"start":{"line":8,"column":23},"end":{"line":8,"column":63}},"3":{"start":{"line":9,"column":24},"end":{"line":9,"column":63}},"4":{"start":{"line":12,"column":0},"end":{"line":12,"column":49}},"5":{"start":{"line":13,"column":0},"end":{"line":13,"column":61}},"6":{"start":{"line":14,"column":0},"end":{"line":14,"column":51}},"7":{"start":{"line":15,"column":0},"end":{"line":15,"column":47}},"8":{"start":{"line":18,"column":0},"end":{"line":28,"column":3}},"9":{"start":{"line":19,"column":2},"end":{"line":27,"column":5}},"10":{"start":{"line":31,"column":0},"end":{"line":31,"column":79}},"11":{"start":{"line":33,"column":0},"end":{"line":33,"column":24}}},"fnMap":{"0":{"name":"(anonymous_0)","decl":{"start":{"line":18,"column":35},"end":{"line":18,"column":36}},"loc":{"start":{"line":18,"column":49},"end":{"line":28,"column":1}},"line":18}},"branchMap":{},"s":{"0":0,"1":0,"2":0,"3":0,"4":0,"5":0,"6":0,"7":0,"8":0,"9":0,"10":0,"11":0},"f":{"0":0},"b":{}}
,"C:\\work\\WindSurf\\ExtBridge\\src\\services\\controllers\\figmaController.js": {"path":"C:\\work\\WindSurf\\ExtBridge\\src\\services\\controllers\\figmaController.js","statementMap":{"0":{"start":{"line":6,"column":17},"end":{"line":6,"column":36}},"1":{"start":{"line":7,"column":37},"end":{"line":7,"column":63}},"2":{"start":{"line":8,"column":15},"end":{"line":8,"column":49}},"3":{"start":{"line":9,"column":13},"end":{"line":9,"column":46}},"4":{"start":{"line":10,"column":20},"end":{"line":10,"column":51}},"5":{"start":{"line":11,"column":15},"end":{"line":11,"column":44}},"6":{"start":{"line":15,"column":0},"end":{"line":73,"column":4}},"7":{"start":{"line":23,"column":2},"end":{"line":72,"column":3}},"8":{"start":{"line":25,"column":24},"end":{"line":25,"column":52}},"9":{"start":{"line":26,"column":22},"end":{"line":26,"column":53}},"10":{"start":{"line":28,"column":4},"end":{"line":28,"column":71}},"11":{"start":{"line":31,"column":17},"end":{"line":31,"column":63}},"12":{"start":{"line":33,"column":4},"end":{"line":36,"column":5}},"13":{"start":{"line":34,"column":6},"end":{"line":34,"column":67}},"14":{"start":{"line":35,"column":6},"end":{"line":35,"column":74}},"15":{"start":{"line":39,"column":25},"end":{"line":39,"column":85}},"16":{"start":{"line":39,"column":63},"end":{"line":39,"column":84}},"17":{"start":{"line":41,"column":4},"end":{"line":63,"column":5}},"18":{"start":{"line":43,"column":6},"end":{"line":51,"column":8}},"19":{"start":{"line":54,"column":6},"end":{"line":62,"column":9}},"20":{"start":{"line":65,"column":4},"end":{"line":65,"column":22}},"21":{"start":{"line":66,"column":4},"end":{"line":66,"column":66}},"22":{"start":{"line":68,"column":4},"end":{"line":68,"column":28}},"23":{"start":{"line":70,"column":4},"end":{"line":70,"column":49}},"24":{"start":{"line":71,"column":4},"end":{"line":71,"column":23}},"25":{"start":{"line":76,"column":0},"end":{"line":304,"column":2}},"26":{"start":{"line":79,"column":4},"end":{"line":83,"column":23}},"27":{"start":{"line":88,"column":4},"end":{"line":101,"column":23}},"28":{"start":{"line":89,"column":6},"end":{"line":92,"column":7}},"29":{"start":{"line":90,"column":8},"end":{"line":90,"column":57}},"30":{"start":{"line":91,"column":8},"end":{"line":91,"column":66}},"31":{"start":{"line":94,"column":6},"end":{"line":97,"column":7}},"32":{"start":{"line":95,"column":8},"end":{"line":95,"column":41}},"33":{"start":{"line":96,"column":8},"end":{"line":96,"column":62}},"34":{"start":{"line":100,"column":6},"end":{"line":100,"column":57}},"35":{"start":{"line":106,"column":4},"end":{"line":133,"column":5}},"36":{"start":{"line":107,"column":19},"end":{"line":107,"column":51}},"37":{"start":{"line":109,"column":6},"end":{"line":114,"column":7}},"38":{"start":{"line":110,"column":8},"end":{"line":113,"column":11}},"39":{"start":{"line":117,"column":6},"end":{"line":117,"column":89}},"40":{"start":{"line":117,"column":66},"end":{"line":117,"column":87}},"41":{"start":{"line":118,"column":6},"end":{"line":118,"column":24}},"42":{"start":{"line":120,"column":6},"end":{"line":120,"column":46}},"43":{"start":{"line":122,"column":6},"end":{"line":125,"column":9}},"44":{"start":{"line":127,"column":6},"end":{"line":127,"column":53}},"45":{"start":{"line":128,"column":6},"end":{"line":132,"column":9}},"46":{"start":{"line":138,"column":4},"end":{"line":194,"column":5}},"47":{"start":{"line":139,"column":19},"end":{"line":139,"column":51}},"48":{"start":{"line":141,"column":6},"end":{"line":146,"column":7}},"49":{"start":{"line":142,"column":8},"end":{"line":145,"column":11}},"50":{"start":{"line":149,"column":27},"end":{"line":149,"column":61}},"51":{"start":{"line":150,"column":6},"end":{"line":155,"column":7}},"52":{"start":{"line":151,"column":8},"end":{"line":154,"column":11}},"53":{"start":{"line":158,"column":6},"end":{"line":163,"column":7}},"54":{"start":{"line":159,"column":8},"end":{"line":162,"column":11}},"55":{"start":{"line":166,"column":26},"end":{"line":166,"column":67}},"56":{"start":{"line":169,"column":24},"end":{"line":169,"column":55}},"57":{"start":{"line":172,"column":23},"end":{"line":172,"column":25}},"58":{"start":{"line":173,"column":6},"end":{"line":179,"column":7}},"59":{"start":{"line":174,"column":29},"end":{"line":174,"column":71}},"60":{"start":{"line":175,"column":8},"end":{"line":178,"column":13}},"61":{"start":{"line":175,"column":54},"end":{"line":178,"column":9}},"62":{"start":{"line":181,"column":6},"end":{"line":186,"column":9}},"63":{"start":{"line":188,"column":6},"end":{"line":188,"column":57}},"64":{"start":{"line":189,"column":6},"end":{"line":193,"column":9}},"65":{"start":{"line":199,"column":4},"end":{"line":246,"column":5}},"66":{"start":{"line":200,"column":28},"end":{"line":200,"column":38}},"67":{"start":{"line":202,"column":6},"end":{"line":207,"column":7}},"68":{"start":{"line":203,"column":8},"end":{"line":206,"column":11}},"69":{"start":{"line":209,"column":19},"end":{"line":209,"column":51}},"70":{"start":{"line":211,"column":6},"end":{"line":216,"column":7}},"71":{"start":{"line":212,"column":8},"end":{"line":215,"column":11}},"72":{"start":{"line":219,"column":27},"end":{"line":219,"column":61}},"73":{"start":{"line":220,"column":6},"end":{"line":225,"column":7}},"74":{"start":{"line":221,"column":8},"end":{"line":224,"column":11}},"75":{"start":{"line":228,"column":26},"end":{"line":228,"column":67}},"76":{"start":{"line":231,"column":20},"end":{"line":231,"column":64}},"77":{"start":{"line":233,"column":6},"end":{"line":238,"column":9}},"78":{"start":{"line":240,"column":6},"end":{"line":240,"column":57}},"79":{"start":{"line":241,"column":6},"end":{"line":245,"column":9}},"80":{"start":{"line":251,"column":4},"end":{"line":302,"column":5}},"81":{"start":{"line":252,"column":26},"end":{"line":252,"column":36}},"82":{"start":{"line":254,"column":6},"end":{"line":259,"column":7}},"83":{"start":{"line":255,"column":8},"end":{"line":258,"column":11}},"84":{"start":{"line":261,"column":19},"end":{"line":261,"column":51}},"85":{"start":{"line":263,"column":6},"end":{"line":268,"column":7}},"86":{"start":{"line":264,"column":8},"end":{"line":267,"column":11}},"87":{"start":{"line":271,"column":27},"end":{"line":271,"column":61}},"88":{"start":{"line":272,"column":6},"end":{"line":277,"column":7}},"89":{"start":{"line":273,"column":8},"end":{"line":276,"column":11}},"90":{"start":{"line":280,"column":26},"end":{"line":280,"column":67}},"91":{"start":{"line":283,"column":19},"end":{"line":283,"column":53}},"92":{"start":{"line":286,"column":23},"end":{"line":286,"column":61}},"93":{"start":{"line":288,"column":6},"end":{"line":294,"column":9}},"94":{"start":{"line":296,"column":6},"end":{"line":296,"column":57}},"95":{"start":{"line":297,"column":6},"end":{"line":301,"column":9}}},"fnMap":{"0":{"name":"(anonymous_0)","decl":{"start":{"line":22,"column":3},"end":{"line":22,"column":4}},"loc":{"start":{"line":22,"column":55},"end":{"line":73,"column":1}},"line":22},"1":{"name":"(anonymous_1)","decl":{"start":{"line":39,"column":58},"end":{"line":39,"column":59}},"loc":{"start":{"line":39,"column":63},"end":{"line":39,"column":84}},"line":39},"2":{"name":"(anonymous_2)","decl":{"start":{"line":78,"column":11},"end":{"line":78,"column":12}},"loc":{"start":{"line":78,"column":31},"end":{"line":84,"column":3}},"line":78},"3":{"name":"(anonymous_3)","decl":{"start":{"line":87,"column":18},"end":{"line":87,"column":19}},"loc":{"start":{"line":87,"column":38},"end":{"line":102,"column":3}},"line":87},"4":{"name":"(anonymous_4)","decl":{"start":{"line":88,"column":55},"end":{"line":88,"column":56}},"loc":{"start":{"line":88,"column":70},"end":{"line":101,"column":5}},"line":88},"5":{"name":"(anonymous_5)","decl":{"start":{"line":105,"column":14},"end":{"line":105,"column":15}},"loc":{"start":{"line":105,"column":34},"end":{"line":134,"column":3}},"line":105},"6":{"name":"(anonymous_6)","decl":{"start":{"line":117,"column":61},"end":{"line":117,"column":62}},"loc":{"start":{"line":117,"column":66},"end":{"line":117,"column":87}},"line":117},"7":{"name":"(anonymous_7)","decl":{"start":{"line":137,"column":15},"end":{"line":137,"column":16}},"loc":{"start":{"line":137,"column":35},"end":{"line":195,"column":3}},"line":137},"8":{"name":"(anonymous_8)","decl":{"start":{"line":175,"column":42},"end":{"line":175,"column":43}},"loc":{"start":{"line":175,"column":54},"end":{"line":178,"column":9}},"line":175},"9":{"name":"(anonymous_9)","decl":{"start":{"line":198,"column":19},"end":{"line":198,"column":20}},"loc":{"start":{"line":198,"column":39},"end":{"line":247,"column":3}},"line":198},"10":{"name":"(anonymous_10)","decl":{"start":{"line":250,"column":18},"end":{"line":250,"column":19}},"loc":{"start":{"line":250,"column":38},"end":{"line":303,"column":3}},"line":250}},"branchMap":{"0":{"loc":{"start":{"line":33,"column":4},"end":{"line":36,"column":5}},"type":"if","locations":[{"start":{"line":33,"column":4},"end":{"line":36,"column":5}},{"start":{},"end":{}}],"line":33},"1":{"loc":{"start":{"line":41,"column":4},"end":{"line":63,"column":5}},"type":"if","locations":[{"start":{"line":41,"column":4},"end":{"line":63,"column":5}},{"start":{"line":52,"column":11},"end":{"line":63,"column":5}}],"line":41},"2":{"loc":{"start":{"line":89,"column":6},"end":{"line":92,"column":7}},"type":"if","locations":[{"start":{"line":89,"column":6},"end":{"line":92,"column":7}},{"start":{},"end":{}}],"line":89},"3":{"loc":{"start":{"line":94,"column":6},"end":{"line":97,"column":7}},"type":"if","locations":[{"start":{"line":94,"column":6},"end":{"line":97,"column":7}},{"start":{},"end":{}}],"line":94},"4":{"loc":{"start":{"line":109,"column":6},"end":{"line":114,"column":7}},"type":"if","locations":[{"start":{"line":109,"column":6},"end":{"line":114,"column":7}},{"start":{},"end":{}}],"line":109},"5":{"loc":{"start":{"line":141,"column":6},"end":{"line":146,"column":7}},"type":"if","locations":[{"start":{"line":141,"column":6},"end":{"line":146,"column":7}},{"start":{},"end":{}}],"line":141},"6":{"loc":{"start":{"line":150,"column":6},"end":{"line":155,"column":7}},"type":"if","locations":[{"start":{"line":150,"column":6},"end":{"line":155,"column":7}},{"start":{},"end":{}}],"line":150},"7":{"loc":{"start":{"line":158,"column":6},"end":{"line":163,"column":7}},"type":"if","locations":[{"start":{"line":158,"column":6},"end":{"line":163,"column":7}},{"start":{},"end":{}}],"line":158},"8":{"loc":{"start":{"line":158,"column":10},"end":{"line":158,"column":85}},"type":"binary-expr","locations":[{"start":{"line":158,"column":10},"end":{"line":158,"column":34}},{"start":{"line":158,"column":38},"end":{"line":158,"column":85}}],"line":158},"9":{"loc":{"start":{"line":202,"column":6},"end":{"line":207,"column":7}},"type":"if","locations":[{"start":{"line":202,"column":6},"end":{"line":207,"column":7}},{"start":{},"end":{}}],"line":202},"10":{"loc":{"start":{"line":211,"column":6},"end":{"line":216,"column":7}},"type":"if","locations":[{"start":{"line":211,"column":6},"end":{"line":216,"column":7}},{"start":{},"end":{}}],"line":211},"11":{"loc":{"start":{"line":220,"column":6},"end":{"line":225,"column":7}},"type":"if","locations":[{"start":{"line":220,"column":6},"end":{"line":225,"column":7}},{"start":{},"end":{}}],"line":220},"12":{"loc":{"start":{"line":254,"column":6},"end":{"line":259,"column":7}},"type":"if","locations":[{"start":{"line":254,"column":6},"end":{"line":259,"column":7}},{"start":{},"end":{}}],"line":254},"13":{"loc":{"start":{"line":263,"column":6},"end":{"line":268,"column":7}},"type":"if","locations":[{"start":{"line":263,"column":6},"end":{"line":268,"column":7}},{"start":{},"end":{}}],"line":263},"14":{"loc":{"start":{"line":272,"column":6},"end":{"line":277,"column":7}},"type":"if","locations":[{"start":{"line":272,"column":6},"end":{"line":277,"column":7}},{"start":{},"end":{}}],"line":272}},"s":{"0":0,"1":0,"2":0,"3":0,"4":0,"5":0,"6":0,"7":0,"8":0,"9":0,"10":0,"11":0,"12":0,"13":0,"14":0,"15":0,"16":0,"17":0,"18":0,"19":0,"20":0,"21":0,"22":0,"23":0,"24":0,"25":0,"26":0,"27":0,"28":0,"29":0,"30":0,"31":0,"32":0,"33":0,"34":0,"35":0,"36":0,"37":0,"38":0,"39":0,"40":0,"41":0,"42":0,"43":0,"44":0,"45":0,"46":0,"47":0,"48":0,"49":0,"50":0,"51":0,"52":0,"53":0,"54":0,"55":0,"56":0,"57":0,"58":0,"59":0,"60":0,"61":0,"62":0,"63":0,"64":0,"65":0,"66":0,"67":0,"68":0,"69":0,"70":0,"71":0,"72":0,"73":0,"74":0,"75":0,"76":0,"77":0,"78":0,"79":0,"80":0,"81":0,"82":0,"83":0,"84":0,"85":0,"86":0,"87":0,"88":0,"89":0,"90":0,"91":0,"92":0,"93":0,"94":0,"95":0},"f":{"0":0,"1":0,"2":0,"3":0,"4":0,"5":0,"6":0,"7":0,"8":0,"9":0,"10":0},"b":{"0":[0,0],"1":[0,0],"2":[0,0],"3":[0,0],"4":[0,0],"5":[0,0],"6":[0,0],"7":[0,0],"8":[0,0],"9":[0,0],"10":[0,0],"11":[0,0],"12":[0,0],"13":[0,0],"14":[0,0]}}
,"C:\\work\\WindSurf\\ExtBridge\\src\\services\\controllers\\githubController.js": {"path":"C:\\work\\WindSurf\\ExtBridge\\src\\services\\controllers\\githubController.js","statementMap":{"0":{"start":{"line":6,"column":17},"end":{"line":6,"column":36}},"1":{"start":{"line":7,"column":37},"end":{"line":7,"column":64}},"2":{"start":{"line":8,"column":15},"end":{"line":8,"column":49}},"3":{"start":{"line":9,"column":13},"end":{"line":9,"column":46}},"4":{"start":{"line":10,"column":21},"end":{"line":10,"column":54}},"5":{"start":{"line":11,"column":15},"end":{"line":11,"column":44}},"6":{"start":{"line":14,"column":0},"end":{"line":66,"column":4}},"7":{"start":{"line":20,"column":2},"end":{"line":65,"column":3}},"8":{"start":{"line":21,"column":4},"end":{"line":21,"column":71}},"9":{"start":{"line":24,"column":17},"end":{"line":24,"column":71}},"10":{"start":{"line":26,"column":4},"end":{"line":29,"column":5}},"11":{"start":{"line":27,"column":6},"end":{"line":27,"column":76}},"12":{"start":{"line":28,"column":6},"end":{"line":28,"column":74}},"13":{"start":{"line":32,"column":25},"end":{"line":32,"column":86}},"14":{"start":{"line":32,"column":63},"end":{"line":32,"column":85}},"15":{"start":{"line":34,"column":4},"end":{"line":56,"column":5}},"16":{"start":{"line":36,"column":6},"end":{"line":44,"column":8}},"17":{"start":{"line":47,"column":6},"end":{"line":55,"column":9}},"18":{"start":{"line":58,"column":4},"end":{"line":58,"column":22}},"19":{"start":{"line":59,"column":4},"end":{"line":59,"column":67}},"20":{"start":{"line":61,"column":4},"end":{"line":61,"column":28}},"21":{"start":{"line":63,"column":4},"end":{"line":63,"column":50}},"22":{"start":{"line":64,"column":4},"end":{"line":64,"column":23}},"23":{"start":{"line":69,"column":0},"end":{"line":241,"column":2}},"24":{"start":{"line":72,"column":4},"end":{"line":75,"column":23}},"25":{"start":{"line":80,"column":4},"end":{"line":93,"column":23}},"26":{"start":{"line":81,"column":6},"end":{"line":84,"column":7}},"27":{"start":{"line":82,"column":8},"end":{"line":82,"column":58}},"28":{"start":{"line":83,"column":8},"end":{"line":83,"column":67}},"29":{"start":{"line":86,"column":6},"end":{"line":89,"column":7}},"30":{"start":{"line":87,"column":8},"end":{"line":87,"column":42}},"31":{"start":{"line":88,"column":8},"end":{"line":88,"column":63}},"32":{"start":{"line":92,"column":6},"end":{"line":92,"column":58}},"33":{"start":{"line":98,"column":4},"end":{"line":125,"column":5}},"34":{"start":{"line":99,"column":19},"end":{"line":99,"column":51}},"35":{"start":{"line":101,"column":6},"end":{"line":106,"column":7}},"36":{"start":{"line":102,"column":8},"end":{"line":105,"column":11}},"37":{"start":{"line":109,"column":6},"end":{"line":109,"column":90}},"38":{"start":{"line":109,"column":66},"end":{"line":109,"column":88}},"39":{"start":{"line":110,"column":6},"end":{"line":110,"column":24}},"40":{"start":{"line":112,"column":6},"end":{"line":112,"column":47}},"41":{"start":{"line":114,"column":6},"end":{"line":117,"column":9}},"42":{"start":{"line":119,"column":6},"end":{"line":119,"column":54}},"43":{"start":{"line":120,"column":6},"end":{"line":124,"column":9}},"44":{"start":{"line":130,"column":4},"end":{"line":174,"column":5}},"45":{"start":{"line":131,"column":19},"end":{"line":131,"column":51}},"46":{"start":{"line":133,"column":6},"end":{"line":138,"column":7}},"47":{"start":{"line":134,"column":8},"end":{"line":137,"column":11}},"48":{"start":{"line":141,"column":28},"end":{"line":141,"column":63}},"49":{"start":{"line":142,"column":6},"end":{"line":147,"column":7}},"50":{"start":{"line":143,"column":8},"end":{"line":146,"column":11}},"51":{"start":{"line":150,"column":27},"end":{"line":150,"column":70}},"52":{"start":{"line":153,"column":25},"end":{"line":153,"column":57}},"53":{"start":{"line":156,"column":27},"end":{"line":159,"column":8}},"54":{"start":{"line":161,"column":6},"end":{"line":166,"column":9}},"55":{"start":{"line":168,"column":6},"end":{"line":168,"column":57}},"56":{"start":{"line":169,"column":6},"end":{"line":173,"column":9}},"57":{"start":{"line":179,"column":4},"end":{"line":239,"column":5}},"58":{"start":{"line":180,"column":30},"end":{"line":180,"column":40}},"59":{"start":{"line":182,"column":6},"end":{"line":187,"column":7}},"60":{"start":{"line":183,"column":8},"end":{"line":186,"column":11}},"61":{"start":{"line":189,"column":19},"end":{"line":189,"column":51}},"62":{"start":{"line":191,"column":6},"end":{"line":196,"column":7}},"63":{"start":{"line":192,"column":8},"end":{"line":195,"column":11}},"64":{"start":{"line":199,"column":28},"end":{"line":199,"column":63}},"65":{"start":{"line":200,"column":6},"end":{"line":205,"column":7}},"66":{"start":{"line":201,"column":8},"end":{"line":204,"column":11}},"67":{"start":{"line":208,"column":27},"end":{"line":208,"column":70}},"68":{"start":{"line":211,"column":25},"end":{"line":211,"column":70}},"69":{"start":{"line":214,"column":22},"end":{"line":216,"column":8}},"70":{"start":{"line":219,"column":21},"end":{"line":222,"column":8}},"71":{"start":{"line":224,"column":6},"end":{"line":231,"column":9}},"72":{"start":{"line":233,"column":6},"end":{"line":233,"column":59}},"73":{"start":{"line":234,"column":6},"end":{"line":238,"column":9}}},"fnMap":{"0":{"name":"(anonymous_0)","decl":{"start":{"line":19,"column":3},"end":{"line":19,"column":4}},"loc":{"start":{"line":19,"column":55},"end":{"line":66,"column":1}},"line":19},"1":{"name":"(anonymous_1)","decl":{"start":{"line":32,"column":58},"end":{"line":32,"column":59}},"loc":{"start":{"line":32,"column":63},"end":{"line":32,"column":85}},"line":32},"2":{"name":"(anonymous_2)","decl":{"start":{"line":71,"column":11},"end":{"line":71,"column":12}},"loc":{"start":{"line":71,"column":31},"end":{"line":76,"column":3}},"line":71},"3":{"name":"(anonymous_3)","decl":{"start":{"line":79,"column":18},"end":{"line":79,"column":19}},"loc":{"start":{"line":79,"column":38},"end":{"line":94,"column":3}},"line":79},"4":{"name":"(anonymous_4)","decl":{"start":{"line":80,"column":56},"end":{"line":80,"column":57}},"loc":{"start":{"line":80,"column":71},"end":{"line":93,"column":5}},"line":80},"5":{"name":"(anonymous_5)","decl":{"start":{"line":97,"column":14},"end":{"line":97,"column":15}},"loc":{"start":{"line":97,"column":34},"end":{"line":126,"column":3}},"line":97},"6":{"name":"(anonymous_6)","decl":{"start":{"line":109,"column":61},"end":{"line":109,"column":62}},"loc":{"start":{"line":109,"column":66},"end":{"line":109,"column":88}},"line":109},"7":{"name":"(anonymous_7)","decl":{"start":{"line":129,"column":19},"end":{"line":129,"column":20}},"loc":{"start":{"line":129,"column":39},"end":{"line":175,"column":3}},"line":129},"8":{"name":"(anonymous_8)","decl":{"start":{"line":178,"column":24},"end":{"line":178,"column":25}},"loc":{"start":{"line":178,"column":44},"end":{"line":240,"column":3}},"line":178}},"branchMap":{"0":{"loc":{"start":{"line":26,"column":4},"end":{"line":29,"column":5}},"type":"if","locations":[{"start":{"line":26,"column":4},"end":{"line":29,"column":5}},{"start":{},"end":{}}],"line":26},"1":{"loc":{"start":{"line":34,"column":4},"end":{"line":56,"column":5}},"type":"if","locations":[{"start":{"line":34,"column":4},"end":{"line":56,"column":5}},{"start":{"line":45,"column":11},"end":{"line":56,"column":5}}],"line":34},"2":{"loc":{"start":{"line":81,"column":6},"end":{"line":84,"column":7}},"type":"if","locations":[{"start":{"line":81,"column":6},"end":{"line":84,"column":7}},{"start":{},"end":{}}],"line":81},"3":{"loc":{"start":{"line":86,"column":6},"end":{"line":89,"column":7}},"type":"if","locations":[{"start":{"line":86,"column":6},"end":{"line":89,"column":7}},{"start":{},"end":{}}],"line":86},"4":{"loc":{"start":{"line":101,"column":6},"end":{"line":106,"column":7}},"type":"if","locations":[{"start":{"line":101,"column":6},"end":{"line":106,"column":7}},{"start":{},"end":{}}],"line":101},"5":{"loc":{"start":{"line":133,"column":6},"end":{"line":138,"column":7}},"type":"if","locations":[{"start":{"line":133,"column":6},"end":{"line":138,"column":7}},{"start":{},"end":{}}],"line":133},"6":{"loc":{"start":{"line":142,"column":6},"end":{"line":147,"column":7}},"type":"if","locations":[{"start":{"line":142,"column":6},"end":{"line":147,"column":7}},{"start":{},"end":{}}],"line":142},"7":{"loc":{"start":{"line":182,"column":6},"end":{"line":187,"column":7}},"type":"if","locations":[{"start":{"line":182,"column":6},"end":{"line":187,"column":7}},{"start":{},"end":{}}],"line":182},"8":{"loc":{"start":{"line":182,"column":10},"end":{"line":182,"column":25}},"type":"binary-expr","locations":[{"start":{"line":182,"column":10},"end":{"line":182,"column":16}},{"start":{"line":182,"column":20},"end":{"line":182,"column":25}}],"line":182},"9":{"loc":{"start":{"line":191,"column":6},"end":{"line":196,"column":7}},"type":"if","locations":[{"start":{"line":191,"column":6},"end":{"line":196,"column":7}},{"start":{},"end":{}}],"line":191},"10":{"loc":{"start":{"line":200,"column":6},"end":{"line":205,"column":7}},"type":"if","locations":[{"start":{"line":200,"column":6},"end":{"line":205,"column":7}},{"start":{},"end":{}}],"line":200}},"s":{"0":0,"1":0,"2":0,"3":0,"4":0,"5":0,"6":0,"7":0,"8":0,"9":0,"10":0,"11":0,"12":0,"13":0,"14":0,"15":0,"16":0,"17":0,"18":0,"19":0,"20":0,"21":0,"22":0,"23":0,"24":0,"25":0,"26":0,"27":0,"28":0,"29":0,"30":0,"31":0,"32":0,"33":0,"34":0,"35":0,"36":0,"37":0,"38":0,"39":0,"40":0,"41":0,"42":0,"43":0,"44":0,"45":0,"46":0,"47":0,"48":0,"49":0,"50":0,"51":0,"52":0,"53":0,"54":0,"55":0,"56":0,"57":0,"58":0,"59":0,"60":0,"61":0,"62":0,"63":0,"64":0,"65":0,"66":0,"67":0,"68":0,"69":0,"70":0,"71":0,"72":0,"73":0},"f":{"0":0,"1":0,"2":0,"3":0,"4":0,"5":0,"6":0,"7":0,"8":0},"b":{"0":[0,0],"1":[0,0],"2":[0,0],"3":[0,0],"4":[0,0],"5":[0,0],"6":[0,0],"7":[0,0],"8":[0,0],"9":[0,0],"10":[0,0]}}
,"C:\\work\\WindSurf\\ExtBridge\\src\\services\\controllers\\slackController.js": {"path":"C:\\work\\WindSurf\\ExtBridge\\src\\services\\controllers\\slackController.js","statementMap":{"0":{"start":{"line":6,"column":17},"end":{"line":6,"column":36}},"1":{"start":{"line":7,"column":36},"end":{"line":7,"column":68}},"2":{"start":{"line":8,"column":15},"end":{"line":8,"column":49}},"3":{"start":{"line":9,"column":13},"end":{"line":9,"column":46}},"4":{"start":{"line":10,"column":20},"end":{"line":10,"column":51}},"5":{"start":{"line":11,"column":15},"end":{"line":11,"column":44}},"6":{"start":{"line":14,"column":0},"end":{"line":70,"column":4}},"7":{"start":{"line":20,"column":2},"end":{"line":69,"column":3}},"8":{"start":{"line":21,"column":4},"end":{"line":21,"column":77}},"9":{"start":{"line":24,"column":17},"end":{"line":24,"column":66}},"10":{"start":{"line":26,"column":4},"end":{"line":29,"column":5}},"11":{"start":{"line":27,"column":6},"end":{"line":27,"column":70}},"12":{"start":{"line":28,"column":6},"end":{"line":28,"column":74}},"13":{"start":{"line":32,"column":25},"end":{"line":32,"column":85}},"14":{"start":{"line":32,"column":63},"end":{"line":32,"column":84}},"15":{"start":{"line":34,"column":4},"end":{"line":60,"column":5}},"16":{"start":{"line":36,"column":6},"end":{"line":46,"column":8}},"17":{"start":{"line":49,"column":6},"end":{"line":59,"column":9}},"18":{"start":{"line":62,"column":4},"end":{"line":62,"column":22}},"19":{"start":{"line":63,"column":4},"end":{"line":63,"column":67}},"20":{"start":{"line":65,"column":4},"end":{"line":65,"column":28}},"21":{"start":{"line":67,"column":4},"end":{"line":67,"column":49}},"22":{"start":{"line":68,"column":4},"end":{"line":68,"column":23}},"23":{"start":{"line":73,"column":0},"end":{"line":331,"column":2}},"24":{"start":{"line":76,"column":4},"end":{"line":79,"column":23}},"25":{"start":{"line":84,"column":4},"end":{"line":97,"column":23}},"26":{"start":{"line":85,"column":6},"end":{"line":88,"column":7}},"27":{"start":{"line":86,"column":8},"end":{"line":86,"column":57}},"28":{"start":{"line":87,"column":8},"end":{"line":87,"column":66}},"29":{"start":{"line":90,"column":6},"end":{"line":93,"column":7}},"30":{"start":{"line":91,"column":8},"end":{"line":91,"column":41}},"31":{"start":{"line":92,"column":8},"end":{"line":92,"column":62}},"32":{"start":{"line":96,"column":6},"end":{"line":96,"column":57}},"33":{"start":{"line":102,"column":4},"end":{"line":129,"column":5}},"34":{"start":{"line":103,"column":19},"end":{"line":103,"column":51}},"35":{"start":{"line":105,"column":6},"end":{"line":110,"column":7}},"36":{"start":{"line":106,"column":8},"end":{"line":109,"column":11}},"37":{"start":{"line":113,"column":6},"end":{"line":113,"column":89}},"38":{"start":{"line":113,"column":66},"end":{"line":113,"column":87}},"39":{"start":{"line":114,"column":6},"end":{"line":114,"column":24}},"40":{"start":{"line":116,"column":6},"end":{"line":116,"column":46}},"41":{"start":{"line":118,"column":6},"end":{"line":121,"column":9}},"42":{"start":{"line":123,"column":6},"end":{"line":123,"column":53}},"43":{"start":{"line":124,"column":6},"end":{"line":128,"column":9}},"44":{"start":{"line":134,"column":4},"end":{"line":180,"column":5}},"45":{"start":{"line":135,"column":19},"end":{"line":135,"column":51}},"46":{"start":{"line":137,"column":6},"end":{"line":142,"column":7}},"47":{"start":{"line":138,"column":8},"end":{"line":141,"column":11}},"48":{"start":{"line":145,"column":27},"end":{"line":145,"column":61}},"49":{"start":{"line":146,"column":6},"end":{"line":151,"column":7}},"50":{"start":{"line":147,"column":8},"end":{"line":150,"column":11}},"51":{"start":{"line":154,"column":6},"end":{"line":159,"column":7}},"52":{"start":{"line":155,"column":8},"end":{"line":158,"column":11}},"53":{"start":{"line":162,"column":26},"end":{"line":162,"column":67}},"54":{"start":{"line":165,"column":23},"end":{"line":165,"column":54}},"55":{"start":{"line":167,"column":6},"end":{"line":172,"column":9}},"56":{"start":{"line":174,"column":6},"end":{"line":174,"column":58}},"57":{"start":{"line":175,"column":6},"end":{"line":179,"column":9}},"58":{"start":{"line":185,"column":4},"end":{"line":234,"column":5}},"59":{"start":{"line":186,"column":28},"end":{"line":186,"column":38}},"60":{"start":{"line":188,"column":6},"end":{"line":193,"column":7}},"61":{"start":{"line":189,"column":8},"end":{"line":192,"column":11}},"62":{"start":{"line":195,"column":19},"end":{"line":195,"column":51}},"63":{"start":{"line":197,"column":6},"end":{"line":202,"column":7}},"64":{"start":{"line":198,"column":8},"end":{"line":201,"column":11}},"65":{"start":{"line":205,"column":27},"end":{"line":205,"column":61}},"66":{"start":{"line":206,"column":6},"end":{"line":211,"column":7}},"67":{"start":{"line":207,"column":8},"end":{"line":210,"column":11}},"68":{"start":{"line":214,"column":26},"end":{"line":214,"column":67}},"69":{"start":{"line":217,"column":23},"end":{"line":219,"column":8}},"70":{"start":{"line":221,"column":6},"end":{"line":226,"column":9}},"71":{"start":{"line":228,"column":6},"end":{"line":228,"column":58}},"72":{"start":{"line":229,"column":6},"end":{"line":233,"column":9}},"73":{"start":{"line":239,"column":4},"end":{"line":286,"column":5}},"74":{"start":{"line":240,"column":44},"end":{"line":240,"column":52}},"75":{"start":{"line":242,"column":6},"end":{"line":247,"column":7}},"76":{"start":{"line":243,"column":8},"end":{"line":246,"column":11}},"77":{"start":{"line":249,"column":19},"end":{"line":249,"column":51}},"78":{"start":{"line":251,"column":6},"end":{"line":256,"column":7}},"79":{"start":{"line":252,"column":8},"end":{"line":255,"column":11}},"80":{"start":{"line":259,"column":27},"end":{"line":259,"column":61}},"81":{"start":{"line":260,"column":6},"end":{"line":265,"column":7}},"82":{"start":{"line":261,"column":8},"end":{"line":264,"column":11}},"83":{"start":{"line":268,"column":26},"end":{"line":268,"column":67}},"84":{"start":{"line":271,"column":21},"end":{"line":273,"column":8}},"85":{"start":{"line":275,"column":6},"end":{"line":278,"column":9}},"86":{"start":{"line":280,"column":6},"end":{"line":280,"column":56}},"87":{"start":{"line":281,"column":6},"end":{"line":285,"column":9}},"88":{"start":{"line":291,"column":4},"end":{"line":329,"column":5}},"89":{"start":{"line":292,"column":19},"end":{"line":292,"column":51}},"90":{"start":{"line":294,"column":6},"end":{"line":299,"column":7}},"91":{"start":{"line":295,"column":8},"end":{"line":298,"column":11}},"92":{"start":{"line":302,"column":27},"end":{"line":302,"column":61}},"93":{"start":{"line":303,"column":6},"end":{"line":308,"column":7}},"94":{"start":{"line":304,"column":8},"end":{"line":307,"column":11}},"95":{"start":{"line":311,"column":26},"end":{"line":311,"column":67}},"96":{"start":{"line":314,"column":23},"end":{"line":314,"column":54}},"97":{"start":{"line":316,"column":6},"end":{"line":321,"column":9}},"98":{"start":{"line":323,"column":6},"end":{"line":323,"column":56}},"99":{"start":{"line":324,"column":6},"end":{"line":328,"column":9}}},"fnMap":{"0":{"name":"(anonymous_0)","decl":{"start":{"line":19,"column":3},"end":{"line":19,"column":4}},"loc":{"start":{"line":19,"column":55},"end":{"line":70,"column":1}},"line":19},"1":{"name":"(anonymous_1)","decl":{"start":{"line":32,"column":58},"end":{"line":32,"column":59}},"loc":{"start":{"line":32,"column":63},"end":{"line":32,"column":84}},"line":32},"2":{"name":"(anonymous_2)","decl":{"start":{"line":75,"column":11},"end":{"line":75,"column":12}},"loc":{"start":{"line":75,"column":31},"end":{"line":80,"column":3}},"line":75},"3":{"name":"(anonymous_3)","decl":{"start":{"line":83,"column":18},"end":{"line":83,"column":19}},"loc":{"start":{"line":83,"column":38},"end":{"line":98,"column":3}},"line":83},"4":{"name":"(anonymous_4)","decl":{"start":{"line":84,"column":55},"end":{"line":84,"column":56}},"loc":{"start":{"line":84,"column":70},"end":{"line":97,"column":5}},"line":84},"5":{"name":"(anonymous_5)","decl":{"start":{"line":101,"column":14},"end":{"line":101,"column":15}},"loc":{"start":{"line":101,"column":34},"end":{"line":130,"column":3}},"line":101},"6":{"name":"(anonymous_6)","decl":{"start":{"line":113,"column":61},"end":{"line":113,"column":62}},"loc":{"start":{"line":113,"column":66},"end":{"line":113,"column":87}},"line":113},"7":{"name":"(anonymous_7)","decl":{"start":{"line":133,"column":15},"end":{"line":133,"column":16}},"loc":{"start":{"line":133,"column":35},"end":{"line":181,"column":3}},"line":133},"8":{"name":"(anonymous_8)","decl":{"start":{"line":184,"column":21},"end":{"line":184,"column":22}},"loc":{"start":{"line":184,"column":41},"end":{"line":235,"column":3}},"line":184},"9":{"name":"(anonymous_9)","decl":{"start":{"line":238,"column":15},"end":{"line":238,"column":16}},"loc":{"start":{"line":238,"column":35},"end":{"line":287,"column":3}},"line":238},"10":{"name":"(anonymous_10)","decl":{"start":{"line":290,"column":15},"end":{"line":290,"column":16}},"loc":{"start":{"line":290,"column":35},"end":{"line":330,"column":3}},"line":290}},"branchMap":{"0":{"loc":{"start":{"line":26,"column":4},"end":{"line":29,"column":5}},"type":"if","locations":[{"start":{"line":26,"column":4},"end":{"line":29,"column":5}},{"start":{},"end":{}}],"line":26},"1":{"loc":{"start":{"line":34,"column":4},"end":{"line":60,"column":5}},"type":"if","locations":[{"start":{"line":34,"column":4},"end":{"line":60,"column":5}},{"start":{"line":47,"column":11},"end":{"line":60,"column":5}}],"line":34},"2":{"loc":{"start":{"line":85,"column":6},"end":{"line":88,"column":7}},"type":"if","locations":[{"start":{"line":85,"column":6},"end":{"line":88,"column":7}},{"start":{},"end":{}}],"line":85},"3":{"loc":{"start":{"line":90,"column":6},"end":{"line":93,"column":7}},"type":"if","locations":[{"start":{"line":90,"column":6},"end":{"line":93,"column":7}},{"start":{},"end":{}}],"line":90},"4":{"loc":{"start":{"line":105,"column":6},"end":{"line":110,"column":7}},"type":"if","locations":[{"start":{"line":105,"column":6},"end":{"line":110,"column":7}},{"start":{},"end":{}}],"line":105},"5":{"loc":{"start":{"line":137,"column":6},"end":{"line":142,"column":7}},"type":"if","locations":[{"start":{"line":137,"column":6},"end":{"line":142,"column":7}},{"start":{},"end":{}}],"line":137},"6":{"loc":{"start":{"line":146,"column":6},"end":{"line":151,"column":7}},"type":"if","locations":[{"start":{"line":146,"column":6},"end":{"line":151,"column":7}},{"start":{},"end":{}}],"line":146},"7":{"loc":{"start":{"line":154,"column":6},"end":{"line":159,"column":7}},"type":"if","locations":[{"start":{"line":154,"column":6},"end":{"line":159,"column":7}},{"start":{},"end":{}}],"line":154},"8":{"loc":{"start":{"line":154,"column":10},"end":{"line":154,"column":85}},"type":"binary-expr","locations":[{"start":{"line":154,"column":10},"end":{"line":154,"column":34}},{"start":{"line":154,"column":38},"end":{"line":154,"column":85}}],"line":154},"9":{"loc":{"start":{"line":188,"column":6},"end":{"line":193,"column":7}},"type":"if","locations":[{"start":{"line":188,"column":6},"end":{"line":193,"column":7}},{"start":{},"end":{}}],"line":188},"10":{"loc":{"start":{"line":197,"column":6},"end":{"line":202,"column":7}},"type":"if","locations":[{"start":{"line":197,"column":6},"end":{"line":202,"column":7}},{"start":{},"end":{}}],"line":197},"11":{"loc":{"start":{"line":206,"column":6},"end":{"line":211,"column":7}},"type":"if","locations":[{"start":{"line":206,"column":6},"end":{"line":211,"column":7}},{"start":{},"end":{}}],"line":206},"12":{"loc":{"start":{"line":242,"column":6},"end":{"line":247,"column":7}},"type":"if","locations":[{"start":{"line":242,"column":6},"end":{"line":247,"column":7}},{"start":{},"end":{}}],"line":242},"13":{"loc":{"start":{"line":242,"column":10},"end":{"line":242,"column":29}},"type":"binary-expr","locations":[{"start":{"line":242,"column":10},"end":{"line":242,"column":20}},{"start":{"line":242,"column":24},"end":{"line":242,"column":29}}],"line":242},"14":{"loc":{"start":{"line":251,"column":6},"end":{"line":256,"column":7}},"type":"if","locations":[{"start":{"line":251,"column":6},"end":{"line":256,"column":7}},{"start":{},"end":{}}],"line":251},"15":{"loc":{"start":{"line":260,"column":6},"end":{"line":265,"column":7}},"type":"if","locations":[{"start":{"line":260,"column":6},"end":{"line":265,"column":7}},{"start":{},"end":{}}],"line":260},"16":{"loc":{"start":{"line":294,"column":6},"end":{"line":299,"column":7}},"type":"if","locations":[{"start":{"line":294,"column":6},"end":{"line":299,"column":7}},{"start":{},"end":{}}],"line":294},"17":{"loc":{"start":{"line":303,"column":6},"end":{"line":308,"column":7}},"type":"if","locations":[{"start":{"line":303,"column":6},"end":{"line":308,"column":7}},{"start":{},"end":{}}],"line":303}},"s":{"0":0,"1":0,"2":0,"3":0,"4":0,"5":0,"6":0,"7":0,"8":0,"9":0,"10":0,"11":0,"12":0,"13":0,"14":0,"15":0,"16":0,"17":0,"18":0,"19":0,"20":0,"21":0,"22":0,"23":0,"24":0,"25":0,"26":0,"27":0,"28":0,"29":0,"30":0,"31":0,"32":0,"33":0,"34":0,"35":0,"36":0,"37":0,"38":0,"39":0,"40":0,"41":0,"42":0,"43":0,"44":0,"45":0,"46":0,"47":0,"48":0,"49":0,"50":0,"51":0,"52":0,"53":0,"54":0,"55":0,"56":0,"57":0,"58":0,"59":0,"60":0,"61":0,"62":0,"63":0,"64":0,"65":0,"66":0,"67":0,"68":0,"69":0,"70":0,"71":0,"72":0,"73":0,"74":0,"75":0,"76":0,"77":0,"78":0,"79":0,"80":0,"81":0,"82":0,"83":0,"84":0,"85":0,"86":0,"87":0,"88":0,"89":0,"90":0,"91":0,"92":0,"93":0,"94":0,"95":0,"96":0,"97":0,"98":0,"99":0},"f":{"0":0,"1":0,"2":0,"3":0,"4":0,"5":0,"6":0,"7":0,"8":0,"9":0,"10":0},"b":{"0":[0,0],"1":[0,0],"2":[0,0],"3":[0,0],"4":[0,0],"5":[0,0],"6":[0,0],"7":[0,0],"8":[0,0],"9":[0,0],"10":[0,0],"11":[0,0],"12":[0,0],"13":[0,0],"14":[0,0],"15":[0,0],"16":[0,0],"17":[0,0]}}
,"C:\\work\\WindSurf\\ExtBridge\\src\\services\\extic\\exticClient.js": {"path":"C:\\work\\WindSurf\\ExtBridge\\src\\services\\extic\\exticClient.js","statementMap":{"0":{"start":{"line":7,"column":14},"end":{"line":7,"column":30}},"1":{"start":{"line":8,"column":15},"end":{"line":8,"column":38}},"2":{"start":{"line":9,"column":15},"end":{"line":9,"column":64}},"3":{"start":{"line":17,"column":4},"end":{"line":17,"column":35}},"4":{"start":{"line":18,"column":4},"end":{"line":24,"column":7}},"5":{"start":{"line":32,"column":4},"end":{"line":38,"column":5}},"6":{"start":{"line":33,"column":23},"end":{"line":33,"column":57}},"7":{"start":{"line":34,"column":6},"end":{"line":34,"column":27}},"8":{"start":{"line":36,"column":6},"end":{"line":36,"column":69}},"9":{"start":{"line":37,"column":6},"end":{"line":37,"column":43}},"10":{"start":{"line":50,"column":4},"end":{"line":62,"column":5}},"11":{"start":{"line":51,"column":21},"end":{"line":55,"column":7}},"12":{"start":{"line":57,"column":23},"end":{"line":57,"column":70}},"13":{"start":{"line":58,"column":6},"end":{"line":58,"column":27}},"14":{"start":{"line":60,"column":6},"end":{"line":60,"column":67}},"15":{"start":{"line":61,"column":6},"end":{"line":61,"column":41}},"16":{"start":{"line":74,"column":4},"end":{"line":86,"column":5}},"17":{"start":{"line":75,"column":21},"end":{"line":79,"column":7}},"18":{"start":{"line":81,"column":23},"end":{"line":81,"column":69}},"19":{"start":{"line":82,"column":6},"end":{"line":82,"column":27}},"20":{"start":{"line":84,"column":6},"end":{"line":84,"column":69}},"21":{"start":{"line":85,"column":6},"end":{"line":85,"column":43}},"22":{"start":{"line":95,"column":4},"end":{"line":101,"column":5}},"23":{"start":{"line":96,"column":23},"end":{"line":96,"column":82}},"24":{"start":{"line":97,"column":6},"end":{"line":97,"column":27}},"25":{"start":{"line":99,"column":6},"end":{"line":99,"column":82}},"26":{"start":{"line":100,"column":6},"end":{"line":100,"column":45}},"27":{"start":{"line":111,"column":4},"end":{"line":117,"column":5}},"28":{"start":{"line":112,"column":23},"end":{"line":112,"column":99}},"29":{"start":{"line":113,"column":6},"end":{"line":113,"column":27}},"30":{"start":{"line":115,"column":6},"end":{"line":115,"column":80}},"31":{"start":{"line":116,"column":6},"end":{"line":116,"column":43}},"32":{"start":{"line":121,"column":0},"end":{"line":121,"column":29}}},"fnMap":{"0":{"name":"(anonymous_0)","decl":{"start":{"line":16,"column":2},"end":{"line":16,"column":3}},"loc":{"start":{"line":16,"column":27},"end":{"line":25,"column":3}},"line":16},"1":{"name":"(anonymous_1)","decl":{"start":{"line":31,"column":2},"end":{"line":31,"column":3}},"loc":{"start":{"line":31,"column":22},"end":{"line":39,"column":3}},"line":31},"2":{"name":"(anonymous_2)","decl":{"start":{"line":49,"column":2},"end":{"line":49,"column":3}},"loc":{"start":{"line":49,"column":35},"end":{"line":63,"column":3}},"line":49},"3":{"name":"(anonymous_3)","decl":{"start":{"line":73,"column":2},"end":{"line":73,"column":3}},"loc":{"start":{"line":73,"column":34},"end":{"line":87,"column":3}},"line":73},"4":{"name":"(anonymous_4)","decl":{"start":{"line":94,"column":2},"end":{"line":94,"column":3}},"loc":{"start":{"line":94,"column":41},"end":{"line":102,"column":3}},"line":94},"5":{"name":"(anonymous_5)","decl":{"start":{"line":110,"column":2},"end":{"line":110,"column":3}},"loc":{"start":{"line":110,"column":61},"end":{"line":118,"column":3}},"line":110}},"branchMap":{"0":{"loc":{"start":{"line":19,"column":15},"end":{"line":19,"column":73}},"type":"binary-expr","locations":[{"start":{"line":19,"column":15},"end":{"line":19,"column":35}},{"start":{"line":19,"column":39},"end":{"line":19,"column":73}}],"line":19},"1":{"loc":{"start":{"line":49,"column":21},"end":{"line":49,"column":33}},"type":"default-arg","locations":[{"start":{"line":49,"column":31},"end":{"line":49,"column":33}}],"line":49},"2":{"loc":{"start":{"line":52,"column":14},"end":{"line":52,"column":31}},"type":"binary-expr","locations":[{"start":{"line":52,"column":14},"end":{"line":52,"column":26}},{"start":{"line":52,"column":30},"end":{"line":52,"column":31}}],"line":52},"3":{"loc":{"start":{"line":53,"column":15},"end":{"line":53,"column":34}},"type":"binary-expr","locations":[{"start":{"line":53,"column":15},"end":{"line":53,"column":28}},{"start":{"line":53,"column":32},"end":{"line":53,"column":34}}],"line":53},"4":{"loc":{"start":{"line":73,"column":20},"end":{"line":73,"column":32}},"type":"default-arg","locations":[{"start":{"line":73,"column":30},"end":{"line":73,"column":32}}],"line":73},"5":{"loc":{"start":{"line":76,"column":14},"end":{"line":76,"column":31}},"type":"binary-expr","locations":[{"start":{"line":76,"column":14},"end":{"line":76,"column":26}},{"start":{"line":76,"column":30},"end":{"line":76,"column":31}}],"line":76},"6":{"loc":{"start":{"line":77,"column":15},"end":{"line":77,"column":34}},"type":"binary-expr","locations":[{"start":{"line":77,"column":15},"end":{"line":77,"column":28}},{"start":{"line":77,"column":32},"end":{"line":77,"column":34}}],"line":77}},"s":{"0":0,"1":0,"2":0,"3":0,"4":0,"5":0,"6":0,"7":0,"8":0,"9":0,"10":0,"11":0,"12":0,"13":0,"14":0,"15":0,"16":0,"17":0,"18":0,"19":0,"20":0,"21":0,"22":0,"23":0,"24":0,"25":0,"26":0,"27":0,"28":0,"29":0,"30":0,"31":0,"32":0},"f":{"0":0,"1":0,"2":0,"3":0,"4":0,"5":0},"b":{"0":[0,0],"1":[0],"2":[0,0],"3":[0,0],"4":[0],"5":[0,0],"6":[0,0]}}
,"C:\\work\\WindSurf\\ExtBridge\\src\\services\\figma\\figmaClient.js": {"path":"C:\\work\\WindSurf\\ExtBridge\\src\\services\\figma\\figmaClient.js","statementMap":{"0":{"start":{"line":6,"column":14},"end":{"line":6,"column":30}},"1":{"start":{"line":7,"column":15},"end":{"line":7,"column":49}},"2":{"start":{"line":8,"column":15},"end":{"line":8,"column":44}},"3":{"start":{"line":11,"column":27},"end":{"line":11,"column":53}},"4":{"start":{"line":22,"column":4},"end":{"line":22,"column":35}},"5":{"start":{"line":23,"column":4},"end":{"line":29,"column":7}},"6":{"start":{"line":37,"column":4},"end":{"line":43,"column":5}},"7":{"start":{"line":38,"column":23},"end":{"line":38,"column":51}},"8":{"start":{"line":39,"column":6},"end":{"line":39,"column":27}},"9":{"start":{"line":41,"column":6},"end":{"line":41,"column":68}},"10":{"start":{"line":42,"column":6},"end":{"line":42,"column":61}},"11":{"start":{"line":52,"column":4},"end":{"line":58,"column":5}},"12":{"start":{"line":53,"column":23},"end":{"line":53,"column":65}},"13":{"start":{"line":54,"column":6},"end":{"line":54,"column":27}},"14":{"start":{"line":56,"column":6},"end":{"line":56,"column":64}},"15":{"start":{"line":57,"column":6},"end":{"line":57,"column":61}},"16":{"start":{"line":68,"column":4},"end":{"line":76,"column":5}},"17":{"start":{"line":69,"column":23},"end":{"line":71,"column":8}},"18":{"start":{"line":72,"column":6},"end":{"line":72,"column":27}},"19":{"start":{"line":74,"column":6},"end":{"line":74,"column":69}},"20":{"start":{"line":75,"column":6},"end":{"line":75,"column":60}},"21":{"start":{"line":86,"column":4},"end":{"line":95,"column":5}},"22":{"start":{"line":87,"column":49},"end":{"line":87,"column":56}},"23":{"start":{"line":88,"column":23},"end":{"line":90,"column":8}},"24":{"start":{"line":91,"column":6},"end":{"line":91,"column":27}},"25":{"start":{"line":93,"column":6},"end":{"line":93,"column":70}},"26":{"start":{"line":94,"column":6},"end":{"line":94,"column":57}},"27":{"start":{"line":104,"column":4},"end":{"line":110,"column":5}},"28":{"start":{"line":105,"column":23},"end":{"line":105,"column":73}},"29":{"start":{"line":106,"column":6},"end":{"line":106,"column":36}},"30":{"start":{"line":108,"column":6},"end":{"line":108,"column":72}},"31":{"start":{"line":109,"column":6},"end":{"line":109,"column":63}},"32":{"start":{"line":119,"column":4},"end":{"line":125,"column":5}},"33":{"start":{"line":120,"column":23},"end":{"line":120,"column":76}},"34":{"start":{"line":121,"column":6},"end":{"line":121,"column":33}},"35":{"start":{"line":123,"column":6},"end":{"line":123,"column":72}},"36":{"start":{"line":124,"column":6},"end":{"line":124,"column":61}},"37":{"start":{"line":134,"column":4},"end":{"line":140,"column":5}},"38":{"start":{"line":135,"column":23},"end":{"line":135,"column":74}},"39":{"start":{"line":136,"column":6},"end":{"line":136,"column":36}},"40":{"start":{"line":138,"column":6},"end":{"line":138,"column":68}},"41":{"start":{"line":139,"column":6},"end":{"line":139,"column":61}},"42":{"start":{"line":144,"column":0},"end":{"line":144,"column":29}}},"fnMap":{"0":{"name":"(anonymous_0)","decl":{"start":{"line":21,"column":2},"end":{"line":21,"column":3}},"loc":{"start":{"line":21,"column":27},"end":{"line":30,"column":3}},"line":21},"1":{"name":"(anonymous_1)","decl":{"start":{"line":36,"column":2},"end":{"line":36,"column":3}},"loc":{"start":{"line":36,"column":22},"end":{"line":44,"column":3}},"line":36},"2":{"name":"(anonymous_2)","decl":{"start":{"line":51,"column":2},"end":{"line":51,"column":3}},"loc":{"start":{"line":51,"column":25},"end":{"line":59,"column":3}},"line":51},"3":{"name":"(anonymous_3)","decl":{"start":{"line":67,"column":2},"end":{"line":67,"column":3}},"loc":{"start":{"line":67,"column":39},"end":{"line":77,"column":3}},"line":67},"4":{"name":"(anonymous_4)","decl":{"start":{"line":85,"column":2},"end":{"line":85,"column":3}},"loc":{"start":{"line":85,"column":45},"end":{"line":96,"column":3}},"line":85},"5":{"name":"(anonymous_5)","decl":{"start":{"line":103,"column":2},"end":{"line":103,"column":3}},"loc":{"start":{"line":103,"column":32},"end":{"line":111,"column":3}},"line":103},"6":{"name":"(anonymous_6)","decl":{"start":{"line":118,"column":2},"end":{"line":118,"column":3}},"loc":{"start":{"line":118,"column":35},"end":{"line":126,"column":3}},"line":118},"7":{"name":"(anonymous_7)","decl":{"start":{"line":133,"column":2},"end":{"line":133,"column":3}},"loc":{"start":{"line":133,"column":29},"end":{"line":141,"column":3}},"line":133}},"branchMap":{"0":{"loc":{"start":{"line":85,"column":31},"end":{"line":85,"column":43}},"type":"default-arg","locations":[{"start":{"line":85,"column":41},"end":{"line":85,"column":43}}],"line":85},"1":{"loc":{"start":{"line":87,"column":19},"end":{"line":87,"column":28}},"type":"default-arg","locations":[{"start":{"line":87,"column":27},"end":{"line":87,"column":28}}],"line":87},"2":{"loc":{"start":{"line":87,"column":30},"end":{"line":87,"column":44}},"type":"default-arg","locations":[{"start":{"line":87,"column":39},"end":{"line":87,"column":44}}],"line":87}},"s":{"0":0,"1":0,"2":0,"3":0,"4":0,"5":0,"6":0,"7":0,"8":0,"9":0,"10":0,"11":0,"12":0,"13":0,"14":0,"15":0,"16":0,"17":0,"18":0,"19":0,"20":0,"21":0,"22":0,"23":0,"24":0,"25":0,"26":0,"27":0,"28":0,"29":0,"30":0,"31":0,"32":0,"33":0,"34":0,"35":0,"36":0,"37":0,"38":0,"39":0,"40":0,"41":0,"42":0},"f":{"0":0,"1":0,"2":0,"3":0,"4":0,"5":0,"6":0,"7":0},"b":{"0":[0],"1":[0],"2":[0]}}
,"C:\\work\\WindSurf\\ExtBridge\\src\\services\\github\\githubClient.js": {"path":"C:\\work\\WindSurf\\ExtBridge\\src\\services\\github\\githubClient.js","statementMap":{"0":{"start":{"line":6,"column":14},"end":{"line":6,"column":30}},"1":{"start":{"line":7,"column":15},"end":{"line":7,"column":49}},"2":{"start":{"line":8,"column":15},"end":{"line":8,"column":44}},"3":{"start":{"line":11,"column":28},"end":{"line":11,"column":52}},"4":{"start":{"line":22,"column":4},"end":{"line":22,"column":35}},"5":{"start":{"line":23,"column":4},"end":{"line":30,"column":7}},"6":{"start":{"line":38,"column":4},"end":{"line":44,"column":5}},"7":{"start":{"line":39,"column":23},"end":{"line":39,"column":53}},"8":{"start":{"line":40,"column":6},"end":{"line":40,"column":27}},"9":{"start":{"line":42,"column":6},"end":{"line":42,"column":69}},"10":{"start":{"line":43,"column":6},"end":{"line":43,"column":62}},"11":{"start":{"line":54,"column":4},"end":{"line":63,"column":5}},"12":{"start":{"line":55,"column":60},"end":{"line":55,"column":67}},"13":{"start":{"line":56,"column":23},"end":{"line":58,"column":8}},"14":{"start":{"line":59,"column":6},"end":{"line":59,"column":27}},"15":{"start":{"line":61,"column":6},"end":{"line":61,"column":73}},"16":{"start":{"line":62,"column":6},"end":{"line":62,"column":63}},"17":{"start":{"line":71,"column":4},"end":{"line":77,"column":5}},"18":{"start":{"line":72,"column":23},"end":{"line":72,"column":58}},"19":{"start":{"line":73,"column":6},"end":{"line":73,"column":27}},"20":{"start":{"line":75,"column":6},"end":{"line":75,"column":74}},"21":{"start":{"line":76,"column":6},"end":{"line":76,"column":60}},"22":{"start":{"line":87,"column":4},"end":{"line":93,"column":5}},"23":{"start":{"line":88,"column":23},"end":{"line":88,"column":71}},"24":{"start":{"line":89,"column":6},"end":{"line":89,"column":27}},"25":{"start":{"line":91,"column":6},"end":{"line":91,"column":71}},"26":{"start":{"line":92,"column":6},"end":{"line":92,"column":63}},"27":{"start":{"line":104,"column":4},"end":{"line":113,"column":5}},"28":{"start":{"line":105,"column":75},"end":{"line":105,"column":82}},"29":{"start":{"line":106,"column":23},"end":{"line":108,"column":8}},"30":{"start":{"line":109,"column":6},"end":{"line":109,"column":27}},"31":{"start":{"line":111,"column":6},"end":{"line":111,"column":68}},"32":{"start":{"line":112,"column":6},"end":{"line":112,"column":62}},"33":{"start":{"line":124,"column":4},"end":{"line":133,"column":5}},"34":{"start":{"line":125,"column":83},"end":{"line":125,"column":90}},"35":{"start":{"line":126,"column":23},"end":{"line":128,"column":8}},"36":{"start":{"line":129,"column":6},"end":{"line":129,"column":27}},"37":{"start":{"line":131,"column":6},"end":{"line":131,"column":67}},"38":{"start":{"line":132,"column":6},"end":{"line":132,"column":63}},"39":{"start":{"line":137,"column":0},"end":{"line":137,"column":30}}},"fnMap":{"0":{"name":"(anonymous_0)","decl":{"start":{"line":21,"column":2},"end":{"line":21,"column":3}},"loc":{"start":{"line":21,"column":27},"end":{"line":31,"column":3}},"line":21},"1":{"name":"(anonymous_1)","decl":{"start":{"line":37,"column":2},"end":{"line":37,"column":3}},"loc":{"start":{"line":37,"column":22},"end":{"line":45,"column":3}},"line":37},"2":{"name":"(anonymous_2)","decl":{"start":{"line":53,"column":2},"end":{"line":53,"column":3}},"loc":{"start":{"line":53,"column":48},"end":{"line":64,"column":3}},"line":53},"3":{"name":"(anonymous_3)","decl":{"start":{"line":70,"column":2},"end":{"line":70,"column":3}},"loc":{"start":{"line":70,"column":27},"end":{"line":78,"column":3}},"line":70},"4":{"name":"(anonymous_4)","decl":{"start":{"line":86,"column":2},"end":{"line":86,"column":3}},"loc":{"start":{"line":86,"column":35},"end":{"line":94,"column":3}},"line":86},"5":{"name":"(anonymous_5)","decl":{"start":{"line":103,"column":2},"end":{"line":103,"column":3}},"loc":{"start":{"line":103,"column":46},"end":{"line":114,"column":3}},"line":103},"6":{"name":"(anonymous_6)","decl":{"start":{"line":123,"column":2},"end":{"line":123,"column":3}},"loc":{"start":{"line":123,"column":45},"end":{"line":134,"column":3}},"line":123}},"branchMap":{"0":{"loc":{"start":{"line":53,"column":34},"end":{"line":53,"column":46}},"type":"default-arg","locations":[{"start":{"line":53,"column":44},"end":{"line":53,"column":46}}],"line":53},"1":{"loc":{"start":{"line":55,"column":14},"end":{"line":55,"column":30}},"type":"default-arg","locations":[{"start":{"line":55,"column":21},"end":{"line":55,"column":30}}],"line":55},"2":{"loc":{"start":{"line":55,"column":32},"end":{"line":55,"column":45}},"type":"default-arg","locations":[{"start":{"line":55,"column":43},"end":{"line":55,"column":45}}],"line":55},"3":{"loc":{"start":{"line":55,"column":47},"end":{"line":55,"column":55}},"type":"default-arg","locations":[{"start":{"line":55,"column":54},"end":{"line":55,"column":55}}],"line":55},"4":{"loc":{"start":{"line":103,"column":32},"end":{"line":103,"column":44}},"type":"default-arg","locations":[{"start":{"line":103,"column":42},"end":{"line":103,"column":44}}],"line":103},"5":{"loc":{"start":{"line":105,"column":14},"end":{"line":105,"column":27}},"type":"default-arg","locations":[{"start":{"line":105,"column":25},"end":{"line":105,"column":27}}],"line":105},"6":{"loc":{"start":{"line":105,"column":29},"end":{"line":105,"column":37}},"type":"default-arg","locations":[{"start":{"line":105,"column":36},"end":{"line":105,"column":37}}],"line":105},"7":{"loc":{"start":{"line":123,"column":31},"end":{"line":123,"column":43}},"type":"default-arg","locations":[{"start":{"line":123,"column":41},"end":{"line":123,"column":43}}],"line":123},"8":{"loc":{"start":{"line":125,"column":14},"end":{"line":125,"column":28}},"type":"default-arg","locations":[{"start":{"line":125,"column":22},"end":{"line":125,"column":28}}],"line":125},"9":{"loc":{"start":{"line":125,"column":30},"end":{"line":125,"column":43}},"type":"default-arg","locations":[{"start":{"line":125,"column":41},"end":{"line":125,"column":43}}],"line":125},"10":{"loc":{"start":{"line":125,"column":45},"end":{"line":125,"column":53}},"type":"default-arg","locations":[{"start":{"line":125,"column":52},"end":{"line":125,"column":53}}],"line":125}},"s":{"0":0,"1":0,"2":0,"3":0,"4":0,"5":0,"6":0,"7":0,"8":0,"9":0,"10":0,"11":0,"12":0,"13":0,"14":0,"15":0,"16":0,"17":0,"18":0,"19":0,"20":0,"21":0,"22":0,"23":0,"24":0,"25":0,"26":0,"27":0,"28":0,"29":0,"30":0,"31":0,"32":0,"33":0,"34":0,"35":0,"36":0,"37":0,"38":0,"39":0},"f":{"0":0,"1":0,"2":0,"3":0,"4":0,"5":0,"6":0},"b":{"0":[0],"1":[0],"2":[0],"3":[0],"4":[0],"5":[0],"6":[0],"7":[0],"8":[0],"9":[0],"10":[0]}}
,"C:\\work\\WindSurf\\ExtBridge\\src\\services\\routes\\index.js": {"path":"C:\\work\\WindSurf\\ExtBridge\\src\\services\\routes\\index.js","statementMap":{"0":{"start":{"line":6,"column":16},"end":{"line":6,"column":34}},"1":{"start":{"line":7,"column":15},"end":{"line":7,"column":31}},"2":{"start":{"line":8,"column":24},"end":{"line":8,"column":71}},"3":{"start":{"line":9,"column":25},"end":{"line":9,"column":67}},"4":{"start":{"line":10,"column":24},"end":{"line":10,"column":65}},"5":{"start":{"line":11,"column":24},"end":{"line":11,"column":65}},"6":{"start":{"line":14,"column":0},"end":{"line":14,"column":24}},"7":{"start":{"line":17,"column":0},"end":{"line":17,"column":56}},"8":{"start":{"line":18,"column":0},"end":{"line":18,"column":64}},"9":{"start":{"line":19,"column":0},"end":{"line":19,"column":63}},"10":{"start":{"line":20,"column":0},"end":{"line":20,"column":69}},"11":{"start":{"line":21,"column":0},"end":{"line":21,"column":87}},"12":{"start":{"line":24,"column":0},"end":{"line":24,"column":54}},"13":{"start":{"line":25,"column":0},"end":{"line":25,"column":62}},"14":{"start":{"line":26,"column":0},"end":{"line":26,"column":61}},"15":{"start":{"line":27,"column":0},"end":{"line":27,"column":59}},"16":{"start":{"line":28,"column":0},"end":{"line":28,"column":80}},"17":{"start":{"line":29,"column":0},"end":{"line":29,"column":68}},"18":{"start":{"line":32,"column":0},"end":{"line":32,"column":54}},"19":{"start":{"line":33,"column":0},"end":{"line":33,"column":62}},"20":{"start":{"line":34,"column":0},"end":{"line":34,"column":61}},"21":{"start":{"line":35,"column":0},"end":{"line":35,"column":59}},"22":{"start":{"line":36,"column":0},"end":{"line":36,"column":84}},"23":{"start":{"line":37,"column":0},"end":{"line":37,"column":60}},"24":{"start":{"line":38,"column":0},"end":{"line":38,"column":55}},"25":{"start":{"line":40,"column":0},"end":{"line":40,"column":24}}},"fnMap":{},"branchMap":{},"s":{"0":0,"1":0,"2":0,"3":0,"4":0,"5":0,"6":0,"7":0,"8":0,"9":0,"10":0,"11":0,"12":0,"13":0,"14":0,"15":0,"16":0,"17":0,"18":0,"19":0,"20":0,"21":0,"22":0,"23":0,"24":0,"25":0},"f":{},"b":{}}
,"C:\\work\\WindSurf\\ExtBridge\\src\\services\\slack\\slackClient.js": {"path":"C:\\work\\WindSurf\\ExtBridge\\src\\services\\slack\\slackClient.js","statementMap":{"0":{"start":{"line":6,"column":14},"end":{"line":6,"column":30}},"1":{"start":{"line":7,"column":15},"end":{"line":7,"column":49}},"2":{"start":{"line":8,"column":15},"end":{"line":8,"column":44}},"3":{"start":{"line":11,"column":27},"end":{"line":11,"column":50}},"4":{"start":{"line":22,"column":4},"end":{"line":22,"column":35}},"5":{"start":{"line":23,"column":4},"end":{"line":29,"column":7}},"6":{"start":{"line":37,"column":4},"end":{"line":43,"column":5}},"7":{"start":{"line":38,"column":23},"end":{"line":38,"column":63}},"8":{"start":{"line":39,"column":6},"end":{"line":39,"column":27}},"9":{"start":{"line":41,"column":6},"end":{"line":41,"column":68}},"10":{"start":{"line":42,"column":6},"end":{"line":42,"column":61}},"11":{"start":{"line":52,"column":4},"end":{"line":61,"column":5}},"12":{"start":{"line":53,"column":97},"end":{"line":53,"column":104}},"13":{"start":{"line":54,"column":23},"end":{"line":56,"column":8}},"14":{"start":{"line":57,"column":6},"end":{"line":57,"column":36}},"15":{"start":{"line":59,"column":6},"end":{"line":59,"column":68}},"16":{"start":{"line":60,"column":6},"end":{"line":60,"column":62}},"17":{"start":{"line":71,"column":4},"end":{"line":80,"column":5}},"18":{"start":{"line":72,"column":61},"end":{"line":72,"column":68}},"19":{"start":{"line":73,"column":23},"end":{"line":75,"column":8}},"20":{"start":{"line":76,"column":6},"end":{"line":76,"column":36}},"21":{"start":{"line":78,"column":6},"end":{"line":78,"column":74}},"22":{"start":{"line":79,"column":6},"end":{"line":79,"column":62}},"23":{"start":{"line":91,"column":4},"end":{"line":104,"column":5}},"24":{"start":{"line":92,"column":49},"end":{"line":92,"column":56}},"25":{"start":{"line":93,"column":23},"end":{"line":99,"column":8}},"26":{"start":{"line":100,"column":6},"end":{"line":100,"column":27}},"27":{"start":{"line":102,"column":6},"end":{"line":102,"column":68}},"28":{"start":{"line":103,"column":6},"end":{"line":103,"column":60}},"29":{"start":{"line":113,"column":4},"end":{"line":122,"column":5}},"30":{"start":{"line":114,"column":53},"end":{"line":114,"column":60}},"31":{"start":{"line":115,"column":23},"end":{"line":117,"column":8}},"32":{"start":{"line":118,"column":6},"end":{"line":118,"column":35}},"33":{"start":{"line":120,"column":6},"end":{"line":120,"column":65}},"34":{"start":{"line":121,"column":6},"end":{"line":121,"column":61}},"35":{"start":{"line":130,"column":4},"end":{"line":136,"column":5}},"36":{"start":{"line":131,"column":23},"end":{"line":131,"column":58}},"37":{"start":{"line":132,"column":6},"end":{"line":132,"column":32}},"38":{"start":{"line":134,"column":6},"end":{"line":134,"column":68}},"39":{"start":{"line":135,"column":6},"end":{"line":135,"column":60}},"40":{"start":{"line":145,"column":4},"end":{"line":154,"column":5}},"41":{"start":{"line":146,"column":60},"end":{"line":146,"column":67}},"42":{"start":{"line":147,"column":23},"end":{"line":149,"column":8}},"43":{"start":{"line":150,"column":6},"end":{"line":150,"column":33}},"44":{"start":{"line":152,"column":6},"end":{"line":152,"column":65}},"45":{"start":{"line":153,"column":6},"end":{"line":153,"column":61}},"46":{"start":{"line":158,"column":0},"end":{"line":158,"column":29}}},"fnMap":{"0":{"name":"(anonymous_0)","decl":{"start":{"line":21,"column":2},"end":{"line":21,"column":3}},"loc":{"start":{"line":21,"column":27},"end":{"line":30,"column":3}},"line":21},"1":{"name":"(anonymous_1)","decl":{"start":{"line":36,"column":2},"end":{"line":36,"column":3}},"loc":{"start":{"line":36,"column":22},"end":{"line":44,"column":3}},"line":36},"2":{"name":"(anonymous_2)","decl":{"start":{"line":51,"column":2},"end":{"line":51,"column":3}},"loc":{"start":{"line":51,"column":34},"end":{"line":62,"column":3}},"line":51},"3":{"name":"(anonymous_3)","decl":{"start":{"line":70,"column":2},"end":{"line":70,"column":3}},"loc":{"start":{"line":70,"column":51},"end":{"line":81,"column":3}},"line":70},"4":{"name":"(anonymous_4)","decl":{"start":{"line":90,"column":2},"end":{"line":90,"column":3}},"loc":{"start":{"line":90,"column":51},"end":{"line":105,"column":3}},"line":90},"5":{"name":"(anonymous_5)","decl":{"start":{"line":112,"column":2},"end":{"line":112,"column":3}},"loc":{"start":{"line":112,"column":31},"end":{"line":123,"column":3}},"line":112},"6":{"name":"(anonymous_6)","decl":{"start":{"line":129,"column":2},"end":{"line":129,"column":3}},"loc":{"start":{"line":129,"column":22},"end":{"line":137,"column":3}},"line":129},"7":{"name":"(anonymous_7)","decl":{"start":{"line":144,"column":2},"end":{"line":144,"column":3}},"loc":{"start":{"line":144,"column":31},"end":{"line":155,"column":3}},"line":144}},"branchMap":{"0":{"loc":{"start":{"line":51,"column":20},"end":{"line":51,"column":32}},"type":"default-arg","locations":[{"start":{"line":51,"column":30},"end":{"line":51,"column":32}}],"line":51},"1":{"loc":{"start":{"line":53,"column":14},"end":{"line":53,"column":25}},"type":"default-arg","locations":[{"start":{"line":53,"column":22},"end":{"line":53,"column":25}}],"line":53},"2":{"loc":{"start":{"line":53,"column":27},"end":{"line":53,"column":50}},"type":"default-arg","locations":[{"start":{"line":53,"column":46},"end":{"line":53,"column":50}}],"line":53},"3":{"loc":{"start":{"line":53,"column":52},"end":{"line":53,"column":92}},"type":"default-arg","locations":[{"start":{"line":53,"column":60},"end":{"line":53,"column":92}}],"line":53},"4":{"loc":{"start":{"line":70,"column":37},"end":{"line":70,"column":49}},"type":"default-arg","locations":[{"start":{"line":70,"column":47},"end":{"line":70,"column":49}}],"line":70},"5":{"loc":{"start":{"line":72,"column":14},"end":{"line":72,"column":25}},"type":"default-arg","locations":[{"start":{"line":72,"column":22},"end":{"line":72,"column":25}}],"line":72},"6":{"loc":{"start":{"line":72,"column":43},"end":{"line":72,"column":56}},"type":"default-arg","locations":[{"start":{"line":72,"column":55},"end":{"line":72,"column":56}}],"line":72},"7":{"loc":{"start":{"line":90,"column":37},"end":{"line":90,"column":49}},"type":"default-arg","locations":[{"start":{"line":90,"column":47},"end":{"line":90,"column":49}}],"line":90},"8":{"loc":{"start":{"line":112,"column":17},"end":{"line":112,"column":29}},"type":"default-arg","locations":[{"start":{"line":112,"column":27},"end":{"line":112,"column":29}}],"line":112},"9":{"loc":{"start":{"line":114,"column":14},"end":{"line":114,"column":25}},"type":"default-arg","locations":[{"start":{"line":114,"column":22},"end":{"line":114,"column":25}}],"line":114},"10":{"loc":{"start":{"line":114,"column":27},"end":{"line":114,"column":48}},"type":"default-arg","locations":[{"start":{"line":114,"column":44},"end":{"line":114,"column":48}}],"line":114},"11":{"loc":{"start":{"line":144,"column":17},"end":{"line":144,"column":29}},"type":"default-arg","locations":[{"start":{"line":144,"column":27},"end":{"line":144,"column":29}}],"line":144},"12":{"loc":{"start":{"line":146,"column":29},"end":{"line":146,"column":40}},"type":"default-arg","locations":[{"start":{"line":146,"column":37},"end":{"line":146,"column":40}}],"line":146},"13":{"loc":{"start":{"line":146,"column":42},"end":{"line":146,"column":55}},"type":"default-arg","locations":[{"start":{"line":146,"column":50},"end":{"line":146,"column":55}}],"line":146}},"s":{"0":0,"1":0,"2":0,"3":0,"4":0,"5":0,"6":0,"7":0,"8":0,"9":0,"10":0,"11":0,"12":0,"13":0,"14":0,"15":0,"16":0,"17":0,"18":0,"19":0,"20":0,"21":0,"22":0,"23":0,"24":0,"25":0,"26":0,"27":0,"28":0,"29":0,"30":0,"31":0,"32":0,"33":0,"34":0,"35":0,"36":0,"37":0,"38":0,"39":0,"40":0,"41":0,"42":0,"43":0,"44":0,"45":0,"46":0},"f":{"0":0,"1":0,"2":0,"3":0,"4":0,"5":0,"6":0,"7":0},"b":{"0":[0],"1":[0],"2":[0],"3":[0],"4":[0],"5":[0],"6":[0],"7":[0],"8":[0],"9":[0],"10":[0],"11":[0],"12":[0],"13":[0]}}
,"C:\\work\\WindSurf\\ExtBridge\\src\\utils\\logger.js": {"path":"C:\\work\\WindSurf\\ExtBridge\\src\\utils\\logger.js","statementMap":{"0":{"start":{"line":6,"column":16},"end":{"line":6,"column":34}},"1":{"start":{"line":7,"column":15},"end":{"line":7,"column":46}},"2":{"start":{"line":8,"column":11},"end":{"line":8,"column":24}},"3":{"start":{"line":9,"column":13},"end":{"line":9,"column":28}},"4":{"start":{"line":12,"column":15},"end":{"line":12,"column":48}},"5":{"start":{"line":13,"column":0},"end":{"line":15,"column":1}},"6":{"start":{"line":14,"column":2},"end":{"line":14,"column":44}},"7":{"start":{"line":18,"column":15},"end":{"line":43,"column":2}},"8":{"start":{"line":46,"column":0},"end":{"line":53,"column":1}},"9":{"start":{"line":47,"column":2},"end":{"line":52,"column":6}},"10":{"start":{"line":55,"column":0},"end":{"line":55,"column":24}}},"fnMap":{},"branchMap":{"0":{"loc":{"start":{"line":13,"column":0},"end":{"line":15,"column":1}},"type":"if","locations":[{"start":{"line":13,"column":0},"end":{"line":15,"column":1}},{"start":{},"end":{}}],"line":13},"1":{"loc":{"start":{"line":46,"column":0},"end":{"line":53,"column":1}},"type":"if","locations":[{"start":{"line":46,"column":0},"end":{"line":53,"column":1}},{"start":{},"end":{}}],"line":46}},"s":{"0":0,"1":0,"2":0,"3":0,"4":0,"5":0,"6":0,"7":0,"8":0,"9":0,"10":0},"f":{},"b":{"0":[0,0],"1":[0,0]}}
}
