TN:
SF:src\index.js
FN:46,(anonymous_0)
FN:51,(anonymous_1)
FN:62,(anonymous_2)
FN:71,(anonymous_3)
FN:76,(anonymous_4)
FN:83,(anonymous_5)
FNF:6
FNH:0
FNDA:0,(anonymous_0)
FNDA:0,(anonymous_1)
FNDA:0,(anonymous_2)
FNDA:0,(anonymous_3)
FNDA:0,(anonymous_4)
FNDA:0,(anonymous_5)
DA:6,0
DA:7,0
DA:8,0
DA:9,0
DA:10,0
DA:11,0
DA:12,0
DA:13,0
DA:14,0
DA:17,0
DA:20,0
DA:21,0
DA:24,0
DA:27,0
DA:30,0
DA:31,0
DA:32,0
DA:33,0
DA:34,0
DA:37,0
DA:40,0
DA:43,0
DA:46,0
DA:47,0
DA:51,0
DA:52,0
DA:53,0
DA:61,0
DA:63,0
DA:66,0
DA:67,0
DA:70,0
DA:71,0
DA:72,0
DA:73,0
DA:77,0
DA:78,0
DA:79,0
DA:82,0
DA:83,0
DA:84,0
DA:87,0
LF:42
LH:0
BRDA:53,0,0,0
BRDA:53,0,1,0
BRDA:55,1,0,0
BRDA:55,1,1,0
BRDA:70,2,0,0
BRDA:70,2,1,0
BRF:6
BRH:0
end_of_record
TN:
SF:src\auth\controllers\samlController.js
FN:21,(anonymous_0)
FN:58,(anonymous_1)
FN:62,(anonymous_2)
FN:72,(anonymous_3)
FN:87,(anonymous_4)
FN:95,(anonymous_5)
FN:96,(anonymous_6)
FN:116,(anonymous_7)
FN:141,(anonymous_8)
FN:165,(anonymous_9)
FNF:10
FNH:0
FNDA:0,(anonymous_0)
FNDA:0,(anonymous_1)
FNDA:0,(anonymous_2)
FNDA:0,(anonymous_3)
FNDA:0,(anonymous_4)
FNDA:0,(anonymous_5)
FNDA:0,(anonymous_6)
FNDA:0,(anonymous_7)
FNDA:0,(anonymous_8)
FNDA:0,(anonymous_9)
DA:6,0
DA:7,0
DA:8,0
DA:9,0
DA:10,0
DA:11,0
DA:14,0
DA:22,0
DA:23,0
DA:26,0
DA:28,0
DA:30,0
DA:37,0
DA:38,0
DA:41,0
DA:42,0
DA:43,0
DA:44,0
DA:47,0
DA:49,0
DA:50,0
DA:55,0
DA:58,0
DA:59,0
DA:62,0
DA:63,0
DA:64,0
DA:65,0
DA:67,0
DA:72,0
DA:73,0
DA:79,0
DA:85,0
DA:88,0
DA:96,0
DA:97,0
DA:98,0
DA:99,0
DA:102,0
DA:103,0
DA:104,0
DA:108,0
DA:111,0
DA:119,0
DA:142,0
DA:166,0
DA:170,0
DA:176,0
DA:177,0
LF:49
LH:0
BRDA:28,0,0,0
BRDA:28,0,1,0
BRDA:32,1,0,0
BRDA:32,1,1,0
BRDA:35,2,0,0
BRDA:35,2,1,0
BRDA:97,3,0,0
BRDA:97,3,1,0
BRDA:102,4,0,0
BRDA:102,4,1,0
BRF:10
BRH:0
end_of_record
TN:
SF:src\auth\middleware\authMiddleware.js
FN:12,(anonymous_0)
FN:40,(anonymous_1)
FN:41,(anonymous_2)
FN:62,(anonymous_3)
FN:80,(anonymous_4)
FN:81,(anonymous_5)
FNF:6
FNH:3
FNDA:3,(anonymous_0)
FNDA:4,(anonymous_1)
FNDA:4,(anonymous_2)
FNDA:0,(anonymous_3)
FNDA:0,(anonymous_4)
FNDA:0,(anonymous_5)
DA:6,1
DA:7,1
DA:8,1
DA:9,1
DA:12,1
DA:14,3
DA:15,3
DA:17,3
DA:18,1
DA:19,1
DA:25,2
DA:27,2
DA:28,0
DA:29,0
DA:31,2
DA:32,2
DA:40,1
DA:41,4
DA:42,4
DA:43,1
DA:49,3
DA:50,1
DA:52,2
DA:53,2
DA:62,1
DA:63,0
DA:64,0
DA:67,0
DA:68,0
DA:69,0
DA:70,0
DA:72,0
DA:74,0
DA:75,0
DA:80,1
DA:81,0
DA:82,0
DA:83,0
DA:89,0
DA:90,0
DA:92,0
DA:100,1
LF:42
LH:25
BRDA:15,0,0,3
BRDA:15,0,1,2
BRDA:17,1,0,1
BRDA:17,1,1,2
BRDA:42,2,0,1
BRDA:42,2,1,3
BRDA:49,3,0,1
BRDA:49,3,1,2
BRDA:63,4,0,0
BRDA:63,4,1,0
BRDA:63,5,0,0
BRDA:63,5,1,0
BRDA:69,6,0,0
BRDA:69,6,1,0
BRDA:82,7,0,0
BRDA:82,7,1,0
BRDA:89,8,0,0
BRDA:89,8,1,0
BRF:18
BRH:8
end_of_record
TN:
SF:src\auth\models\user.js
FN:94,(anonymous_0)
FN:100,(anonymous_1)
FN:101,(anonymous_2)
FN:105,(anonymous_3)
FN:106,(anonymous_4)
FNF:5
FNH:0
FNDA:0,(anonymous_0)
FNDA:0,(anonymous_1)
FNDA:0,(anonymous_2)
FNDA:0,(anonymous_3)
FNDA:0,(anonymous_4)
DA:6,1
DA:7,1
DA:9,1
DA:94,1
DA:95,0
DA:96,0
DA:100,1
DA:101,0
DA:105,1
DA:106,0
DA:109,1
LF:11
LH:7
BRF:0
BRH:0
end_of_record
TN:
SF:src\auth\routes\index.js
FN:18,(anonymous_0)
FNF:1
FNH:0
FNDA:0,(anonymous_0)
DA:6,0
DA:7,0
DA:8,0
DA:9,0
DA:12,0
DA:13,0
DA:14,0
DA:15,0
DA:18,0
DA:19,0
DA:31,0
DA:33,0
LF:12
LH:0
BRF:0
BRH:0
end_of_record
TN:
SF:src\services\controllers\figmaController.js
FN:22,(anonymous_0)
FN:39,(anonymous_1)
FN:78,(anonymous_2)
FN:87,(anonymous_3)
FN:88,(anonymous_4)
FN:105,(anonymous_5)
FN:117,(anonymous_6)
FN:137,(anonymous_7)
FN:175,(anonymous_8)
FN:198,(anonymous_9)
FN:250,(anonymous_10)
FNF:11
FNH:0
FNDA:0,(anonymous_0)
FNDA:0,(anonymous_1)
FNDA:0,(anonymous_2)
FNDA:0,(anonymous_3)
FNDA:0,(anonymous_4)
FNDA:0,(anonymous_5)
FNDA:0,(anonymous_6)
FNDA:0,(anonymous_7)
FNDA:0,(anonymous_8)
FNDA:0,(anonymous_9)
FNDA:0,(anonymous_10)
DA:6,0
DA:7,0
DA:8,0
DA:9,0
DA:10,0
DA:11,0
DA:15,0
DA:23,0
DA:25,0
DA:26,0
DA:28,0
DA:31,0
DA:33,0
DA:34,0
DA:35,0
DA:39,0
DA:41,0
DA:43,0
DA:54,0
DA:65,0
DA:66,0
DA:68,0
DA:70,0
DA:71,0
DA:76,0
DA:79,0
DA:88,0
DA:89,0
DA:90,0
DA:91,0
DA:94,0
DA:95,0
DA:96,0
DA:100,0
DA:106,0
DA:107,0
DA:109,0
DA:110,0
DA:117,0
DA:118,0
DA:120,0
DA:122,0
DA:127,0
DA:128,0
DA:138,0
DA:139,0
DA:141,0
DA:142,0
DA:149,0
DA:150,0
DA:151,0
DA:158,0
DA:159,0
DA:166,0
DA:169,0
DA:172,0
DA:173,0
DA:174,0
DA:175,0
DA:181,0
DA:188,0
DA:189,0
DA:199,0
DA:200,0
DA:202,0
DA:203,0
DA:209,0
DA:211,0
DA:212,0
DA:219,0
DA:220,0
DA:221,0
DA:228,0
DA:231,0
DA:233,0
DA:240,0
DA:241,0
DA:251,0
DA:252,0
DA:254,0
DA:255,0
DA:261,0
DA:263,0
DA:264,0
DA:271,0
DA:272,0
DA:273,0
DA:280,0
DA:283,0
DA:286,0
DA:288,0
DA:296,0
DA:297,0
LF:93
LH:0
BRDA:33,0,0,0
BRDA:33,0,1,0
BRDA:41,1,0,0
BRDA:41,1,1,0
BRDA:89,2,0,0
BRDA:89,2,1,0
BRDA:94,3,0,0
BRDA:94,3,1,0
BRDA:109,4,0,0
BRDA:109,4,1,0
BRDA:141,5,0,0
BRDA:141,5,1,0
BRDA:150,6,0,0
BRDA:150,6,1,0
BRDA:158,7,0,0
BRDA:158,7,1,0
BRDA:158,8,0,0
BRDA:158,8,1,0
BRDA:202,9,0,0
BRDA:202,9,1,0
BRDA:211,10,0,0
BRDA:211,10,1,0
BRDA:220,11,0,0
BRDA:220,11,1,0
BRDA:254,12,0,0
BRDA:254,12,1,0
BRDA:263,13,0,0
BRDA:263,13,1,0
BRDA:272,14,0,0
BRDA:272,14,1,0
BRF:30
BRH:0
end_of_record
TN:
SF:src\services\controllers\githubController.js
FN:19,(anonymous_0)
FN:32,(anonymous_1)
FN:71,(anonymous_2)
FN:79,(anonymous_3)
FN:80,(anonymous_4)
FN:97,(anonymous_5)
FN:109,(anonymous_6)
FN:129,(anonymous_7)
FN:178,(anonymous_8)
FNF:9
FNH:0
FNDA:0,(anonymous_0)
FNDA:0,(anonymous_1)
FNDA:0,(anonymous_2)
FNDA:0,(anonymous_3)
FNDA:0,(anonymous_4)
FNDA:0,(anonymous_5)
FNDA:0,(anonymous_6)
FNDA:0,(anonymous_7)
FNDA:0,(anonymous_8)
DA:6,0
DA:7,0
DA:8,0
DA:9,0
DA:10,0
DA:11,0
DA:14,0
DA:20,0
DA:21,0
DA:24,0
DA:26,0
DA:27,0
DA:28,0
DA:32,0
DA:34,0
DA:36,0
DA:47,0
DA:58,0
DA:59,0
DA:61,0
DA:63,0
DA:64,0
DA:69,0
DA:72,0
DA:80,0
DA:81,0
DA:82,0
DA:83,0
DA:86,0
DA:87,0
DA:88,0
DA:92,0
DA:98,0
DA:99,0
DA:101,0
DA:102,0
DA:109,0
DA:110,0
DA:112,0
DA:114,0
DA:119,0
DA:120,0
DA:130,0
DA:131,0
DA:133,0
DA:134,0
DA:141,0
DA:142,0
DA:143,0
DA:150,0
DA:153,0
DA:156,0
DA:161,0
DA:168,0
DA:169,0
DA:179,0
DA:180,0
DA:182,0
DA:183,0
DA:189,0
DA:191,0
DA:192,0
DA:199,0
DA:200,0
DA:201,0
DA:208,0
DA:211,0
DA:214,0
DA:219,0
DA:224,0
DA:233,0
DA:234,0
LF:72
LH:0
BRDA:26,0,0,0
BRDA:26,0,1,0
BRDA:34,1,0,0
BRDA:34,1,1,0
BRDA:81,2,0,0
BRDA:81,2,1,0
BRDA:86,3,0,0
BRDA:86,3,1,0
BRDA:101,4,0,0
BRDA:101,4,1,0
BRDA:133,5,0,0
BRDA:133,5,1,0
BRDA:142,6,0,0
BRDA:142,6,1,0
BRDA:182,7,0,0
BRDA:182,7,1,0
BRDA:182,8,0,0
BRDA:182,8,1,0
BRDA:191,9,0,0
BRDA:191,9,1,0
BRDA:200,10,0,0
BRDA:200,10,1,0
BRF:22
BRH:0
end_of_record
TN:
SF:src\services\controllers\slackController.js
FN:19,(anonymous_0)
FN:32,(anonymous_1)
FN:75,(anonymous_2)
FN:83,(anonymous_3)
FN:84,(anonymous_4)
FN:101,(anonymous_5)
FN:113,(anonymous_6)
FN:133,(anonymous_7)
FN:184,(anonymous_8)
FN:238,(anonymous_9)
FN:290,(anonymous_10)
FNF:11
FNH:0
FNDA:0,(anonymous_0)
FNDA:0,(anonymous_1)
FNDA:0,(anonymous_2)
FNDA:0,(anonymous_3)
FNDA:0,(anonymous_4)
FNDA:0,(anonymous_5)
FNDA:0,(anonymous_6)
FNDA:0,(anonymous_7)
FNDA:0,(anonymous_8)
FNDA:0,(anonymous_9)
FNDA:0,(anonymous_10)
DA:6,0
DA:7,0
DA:8,0
DA:9,0
DA:10,0
DA:11,0
DA:14,0
DA:20,0
DA:21,0
DA:24,0
DA:26,0
DA:27,0
DA:28,0
DA:32,0
DA:34,0
DA:36,0
DA:49,0
DA:62,0
DA:63,0
DA:65,0
DA:67,0
DA:68,0
DA:73,0
DA:76,0
DA:84,0
DA:85,0
DA:86,0
DA:87,0
DA:90,0
DA:91,0
DA:92,0
DA:96,0
DA:102,0
DA:103,0
DA:105,0
DA:106,0
DA:113,0
DA:114,0
DA:116,0
DA:118,0
DA:123,0
DA:124,0
DA:134,0
DA:135,0
DA:137,0
DA:138,0
DA:145,0
DA:146,0
DA:147,0
DA:154,0
DA:155,0
DA:162,0
DA:165,0
DA:167,0
DA:174,0
DA:175,0
DA:185,0
DA:186,0
DA:188,0
DA:189,0
DA:195,0
DA:197,0
DA:198,0
DA:205,0
DA:206,0
DA:207,0
DA:214,0
DA:217,0
DA:221,0
DA:228,0
DA:229,0
DA:239,0
DA:240,0
DA:242,0
DA:243,0
DA:249,0
DA:251,0
DA:252,0
DA:259,0
DA:260,0
DA:261,0
DA:268,0
DA:271,0
DA:275,0
DA:280,0
DA:281,0
DA:291,0
DA:292,0
DA:294,0
DA:295,0
DA:302,0
DA:303,0
DA:304,0
DA:311,0
DA:314,0
DA:316,0
DA:323,0
DA:324,0
LF:98
LH:0
BRDA:26,0,0,0
BRDA:26,0,1,0
BRDA:34,1,0,0
BRDA:34,1,1,0
BRDA:85,2,0,0
BRDA:85,2,1,0
BRDA:90,3,0,0
BRDA:90,3,1,0
BRDA:105,4,0,0
BRDA:105,4,1,0
BRDA:137,5,0,0
BRDA:137,5,1,0
BRDA:146,6,0,0
BRDA:146,6,1,0
BRDA:154,7,0,0
BRDA:154,7,1,0
BRDA:154,8,0,0
BRDA:154,8,1,0
BRDA:188,9,0,0
BRDA:188,9,1,0
BRDA:197,10,0,0
BRDA:197,10,1,0
BRDA:206,11,0,0
BRDA:206,11,1,0
BRDA:242,12,0,0
BRDA:242,12,1,0
BRDA:242,13,0,0
BRDA:242,13,1,0
BRDA:251,14,0,0
BRDA:251,14,1,0
BRDA:260,15,0,0
BRDA:260,15,1,0
BRDA:294,16,0,0
BRDA:294,16,1,0
BRDA:303,17,0,0
BRDA:303,17,1,0
BRF:36
BRH:0
end_of_record
TN:
SF:src\services\figma\figmaClient.js
FN:21,(anonymous_0)
FN:36,(anonymous_1)
FN:51,(anonymous_2)
FN:67,(anonymous_3)
FN:85,(anonymous_4)
FN:103,(anonymous_5)
FN:118,(anonymous_6)
FN:133,(anonymous_7)
FNF:8
FNH:2
FNDA:10,(anonymous_0)
FNDA:2,(anonymous_1)
FNDA:0,(anonymous_2)
FNDA:0,(anonymous_3)
FNDA:0,(anonymous_4)
FNDA:0,(anonymous_5)
FNDA:0,(anonymous_6)
FNDA:0,(anonymous_7)
DA:6,1
DA:7,1
DA:8,1
DA:11,1
DA:22,10
DA:23,10
DA:37,2
DA:38,2
DA:39,0
DA:41,2
DA:42,2
DA:52,0
DA:53,0
DA:54,0
DA:56,0
DA:57,0
DA:68,0
DA:69,0
DA:72,0
DA:74,0
DA:75,0
DA:86,0
DA:87,0
DA:88,0
DA:91,0
DA:93,0
DA:94,0
DA:104,0
DA:105,0
DA:106,0
DA:108,0
DA:109,0
DA:119,0
DA:120,0
DA:121,0
DA:123,0
DA:124,0
DA:134,0
DA:135,0
DA:136,0
DA:138,0
DA:139,0
DA:144,1
LF:43
LH:11
BRDA:85,0,0,0
BRDA:87,1,0,0
BRDA:87,2,0,0
BRF:3
BRH:0
end_of_record
TN:
SF:src\services\github\githubClient.js
FN:21,(anonymous_0)
FN:37,(anonymous_1)
FN:53,(anonymous_2)
FN:70,(anonymous_3)
FN:86,(anonymous_4)
FN:103,(anonymous_5)
FN:123,(anonymous_6)
FNF:7
FNH:4
FNDA:9,(anonymous_0)
FNDA:2,(anonymous_1)
FNDA:3,(anonymous_2)
FNDA:0,(anonymous_3)
FNDA:2,(anonymous_4)
FNDA:0,(anonymous_5)
FNDA:0,(anonymous_6)
DA:6,1
DA:7,1
DA:8,1
DA:11,1
DA:22,9
DA:23,9
DA:38,2
DA:39,2
DA:40,0
DA:42,2
DA:43,2
DA:54,3
DA:55,3
DA:56,3
DA:59,0
DA:61,3
DA:62,3
DA:71,0
DA:72,0
DA:73,0
DA:75,0
DA:76,0
DA:87,2
DA:88,2
DA:89,0
DA:91,2
DA:92,2
DA:104,0
DA:105,0
DA:106,0
DA:109,0
DA:111,0
DA:112,0
DA:124,0
DA:125,0
DA:126,0
DA:129,0
DA:131,0
DA:132,0
DA:137,1
LF:40
LH:20
BRDA:53,0,0,2
BRDA:55,1,0,2
BRDA:55,2,0,2
BRDA:55,3,0,2
BRDA:103,4,0,0
BRDA:105,5,0,0
BRDA:105,6,0,0
BRDA:123,7,0,0
BRDA:125,8,0,0
BRDA:125,9,0,0
BRDA:125,10,0,0
BRF:11
BRH:4
end_of_record
TN:
SF:src\services\routes\index.js
FNF:0
FNH:0
DA:6,0
DA:7,0
DA:8,0
DA:9,0
DA:10,0
DA:11,0
DA:14,0
DA:17,0
DA:18,0
DA:19,0
DA:20,0
DA:21,0
DA:24,0
DA:25,0
DA:26,0
DA:27,0
DA:28,0
DA:29,0
DA:32,0
DA:33,0
DA:34,0
DA:35,0
DA:36,0
DA:37,0
DA:38,0
DA:40,0
LF:26
LH:0
BRF:0
BRH:0
end_of_record
TN:
SF:src\services\slack\slackClient.js
FN:21,(anonymous_0)
FN:36,(anonymous_1)
FN:51,(anonymous_2)
FN:70,(anonymous_3)
FN:90,(anonymous_4)
FN:112,(anonymous_5)
FN:129,(anonymous_6)
FN:144,(anonymous_7)
FNF:8
FNH:3
FNDA:16,(anonymous_0)
FNDA:3,(anonymous_1)
FNDA:4,(anonymous_2)
FNDA:0,(anonymous_3)
FNDA:0,(anonymous_4)
FNDA:0,(anonymous_5)
FNDA:0,(anonymous_6)
FNDA:0,(anonymous_7)
DA:6,1
DA:7,1
DA:8,1
DA:11,1
DA:22,16
DA:23,16
DA:37,3
DA:38,3
DA:39,0
DA:41,3
DA:42,3
DA:52,4
DA:53,4
DA:54,4
DA:57,0
DA:59,4
DA:60,4
DA:71,0
DA:72,0
DA:73,0
DA:76,0
DA:78,0
DA:79,0
DA:91,0
DA:92,0
DA:93,0
DA:100,0
DA:102,0
DA:103,0
DA:113,0
DA:114,0
DA:115,0
DA:118,0
DA:120,0
DA:121,0
DA:130,0
DA:131,0
DA:132,0
DA:134,0
DA:135,0
DA:145,0
DA:146,0
DA:147,0
DA:150,0
DA:152,0
DA:153,0
DA:158,1
LF:47
LH:16
BRDA:51,0,0,3
BRDA:53,1,0,3
BRDA:53,2,0,4
BRDA:53,3,0,3
BRDA:70,4,0,0
BRDA:72,5,0,0
BRDA:72,6,0,0
BRDA:90,7,0,0
BRDA:112,8,0,0
BRDA:114,9,0,0
BRDA:114,10,0,0
BRDA:144,11,0,0
BRDA:146,12,0,0
BRDA:146,13,0,0
BRF:14
BRH:4
end_of_record
TN:
SF:src\utils\logger.js
FNF:0
FNH:0
DA:6,4
DA:7,4
DA:8,4
DA:9,4
DA:12,4
DA:13,4
DA:14,1
DA:18,4
DA:46,4
DA:47,4
DA:55,4
LF:11
LH:11
BRDA:13,0,0,1
BRDA:13,0,1,3
BRDA:46,1,0,4
BRDA:46,1,1,0
BRF:4
BRH:3
end_of_record
